This is pdfTeX, Version 3.14159265-2.6-1.40.16 (TeX Live 2015/Debian) (preloaded format=pdflatex 2016.9.1)  19 SEP 2016 19:24
entering extended mode
 restricted \write18 enabled.
 %&-line parsing enabled.
**Manual.tex
(./Manual.tex
LaTeX2e <2016/02/01>
Babel <3.9q> and hyphenation patterns for 81 language(s) loaded.
(/usr/share/texlive/texmf-dist/tex/latex/base/article.cls
Document Class: article 2014/09/29 v1.4h Standard LaTeX document class
(/usr/share/texlive/texmf-dist/tex/latex/base/size10.clo
File: size10.clo 2014/09/29 v1.4h Standard LaTeX file (size option)
)
\c@part=\count79
\c@section=\count80
\c@subsection=\count81
\c@subsubsection=\count82
\c@paragraph=\count83
\c@subparagraph=\count84
\c@figure=\count85
\c@table=\count86
\abovecaptionskip=\skip41
\belowcaptionskip=\skip42
\bibindent=\dimen102
)
(/usr/share/texlive/texmf-dist/tex/latex/tools/multicol.sty
Package: multicol 2015/08/19 v1.8n multicolumn formatting (FMi)
\c@tracingmulticols=\count87
\mult@box=\box26
\multicol@leftmargin=\dimen103
\c@unbalance=\count88
\c@collectmore=\count89
\doublecol@number=\count90
\multicoltolerance=\count91
\multicolpretolerance=\count92
\full@width=\dimen104
\page@free=\dimen105
\premulticols=\dimen106
\postmulticols=\dimen107
\multicolsep=\skip43
\multicolbaselineskip=\skip44
\partial@page=\box27
\last@line=\box28
\maxbalancingoverflow=\dimen108
\mult@rightbox=\box29
\mult@grightbox=\box30
\mult@gfirstbox=\box31
\mult@firstbox=\box32
\@tempa=\box33
\@tempa=\box34
\@tempa=\box35
\@tempa=\box36
\@tempa=\box37
\@tempa=\box38
\@tempa=\box39
\@tempa=\box40
\@tempa=\box41
\@tempa=\box42
\@tempa=\box43
\@tempa=\box44
\@tempa=\box45
\@tempa=\box46
\@tempa=\box47
\@tempa=\box48
\@tempa=\box49
\c@columnbadness=\count93
\c@finalcolumnbadness=\count94
\last@try=\dimen109
\multicolovershoot=\dimen110
\multicolundershoot=\dimen111
\mult@nat@firstbox=\box50
\colbreak@box=\box51
\mc@col@check@num=\count95
)
(/usr/share/texlive/texmf-dist/tex/latex/graphics/graphicx.sty
Package: graphicx 2014/10/28 v1.0g Enhanced LaTeX Graphics (DPC,SPQR)

(/usr/share/texlive/texmf-dist/tex/latex/graphics/keyval.sty
Package: keyval 2014/10/28 v1.15 key=value parser (DPC)
\KV@toks@=\toks14
)
(/usr/share/texlive/texmf-dist/tex/latex/graphics/graphics.sty
Package: graphics 2016/01/03 v1.0q Standard LaTeX Graphics (DPC,SPQR)

(/usr/share/texlive/texmf-dist/tex/latex/graphics/trig.sty
Package: trig 2016/01/03 v1.10 sin cos tan (DPC)
)
(/usr/share/texlive/texmf-dist/tex/latex/latexconfig/graphics.cfg
File: graphics.cfg 2010/04/23 v1.9 graphics configuration of TeX Live
)
Package graphics Info: Driver file: pdftex.def on input line 95.

(/usr/share/texlive/texmf-dist/tex/latex/pdftex-def/pdftex.def
File: pdftex.def 2011/05/27 v0.06d Graphics/color for pdfTeX

(/usr/share/texlive/texmf-dist/tex/generic/oberdiek/infwarerr.sty
Package: infwarerr 2010/04/08 v1.3 Providing info/warning/error messages (HO)
)
(/usr/share/texlive/texmf-dist/tex/generic/oberdiek/ltxcmds.sty
Package: ltxcmds 2011/11/09 v1.22 LaTeX kernel commands for general use (HO)
)
\Gread@gobject=\count96
))
\Gin@req@height=\dimen112
\Gin@req@width=\dimen113
)
(/usr/share/texlive/texmf-dist/tex/latex/geometry/geometry.sty
Package: geometry 2010/09/12 v5.6 Page Geometry

(/usr/share/texlive/texmf-dist/tex/generic/oberdiek/ifpdf.sty
Package: ifpdf 2011/01/30 v2.3 Provides the ifpdf switch (HO)
Package ifpdf Info: pdfTeX in PDF mode is detected.
)
(/usr/share/texlive/texmf-dist/tex/generic/oberdiek/ifvtex.sty
Package: ifvtex 2010/03/01 v1.5 Detect VTeX and its facilities (HO)
Package ifvtex Info: VTeX not detected.
)
(/usr/share/texlive/texmf-dist/tex/generic/ifxetex/ifxetex.sty
Package: ifxetex 2010/09/12 v0.6 Provides ifxetex conditional
)
\Gm@cnth=\count97
\Gm@cntv=\count98
\c@Gm@tempcnt=\count99
\Gm@bindingoffset=\dimen114
\Gm@wd@mp=\dimen115
\Gm@odd@mp=\dimen116
\Gm@even@mp=\dimen117
\Gm@layoutwidth=\dimen118
\Gm@layoutheight=\dimen119
\Gm@layouthoffset=\dimen120
\Gm@layoutvoffset=\dimen121
\Gm@dimlist=\toks15
) (./wrapfig.sty
\wrapoverhang=\dimen122
\WF@size=\dimen123
\c@WF@wrappedlines=\count100
\WF@box=\box52
\WF@everypar=\toks16
Package: wrapfig 2003/01/31  v 3.6
) (/usr/share/texlive/texmf-dist/tex/latex/url/url.sty
\Urlmuskip=\muskip10
Package: url 2013/09/16  ver 3.4  Verb mode for urls, etc.
)
(/usr/share/texlive/texmf-dist/tex/latex/hyperref/hyperref.sty
Package: hyperref 2012/11/06 v6.83m Hypertext links for LaTeX

(/usr/share/texlive/texmf-dist/tex/generic/oberdiek/hobsub-hyperref.sty
Package: hobsub-hyperref 2012/05/28 v1.13 Bundle oberdiek, subset hyperref (HO)


(/usr/share/texlive/texmf-dist/tex/generic/oberdiek/hobsub-generic.sty
Package: hobsub-generic 2012/05/28 v1.13 Bundle oberdiek, subset generic (HO)
Package: hobsub 2012/05/28 v1.13 Construct package bundles (HO)
Package hobsub Info: Skipping package `infwarerr' (already loaded).
Package hobsub Info: Skipping package `ltxcmds' (already loaded).
Package: ifluatex 2010/03/01 v1.3 Provides the ifluatex switch (HO)
Package ifluatex Info: LuaTeX not detected.
Package hobsub Info: Skipping package `ifvtex' (already loaded).
Package: intcalc 2007/09/27 v1.1 Expandable calculations with integers (HO)
Package hobsub Info: Skipping package `ifpdf' (already loaded).
Package: etexcmds 2011/02/16 v1.5 Avoid name clashes with e-TeX commands (HO)
Package etexcmds Info: Could not find \expanded.
(etexcmds)             That can mean that you are not using pdfTeX 1.50 or
(etexcmds)             that some package has redefined \expanded.
(etexcmds)             In the latter case, load this package earlier.
Package: kvsetkeys 2012/04/25 v1.16 Key value parser (HO)
Package: kvdefinekeys 2011/04/07 v1.3 Define keys (HO)
Package: pdftexcmds 2011/11/29 v0.20 Utility functions of pdfTeX for LuaTeX (HO
)
Package pdftexcmds Info: LuaTeX not detected.
Package pdftexcmds Info: \pdf@primitive is available.
Package pdftexcmds Info: \pdf@ifprimitive is available.
Package pdftexcmds Info: \pdfdraftmode found.
Package: pdfescape 2011/11/25 v1.13 Implements pdfTeX's escape features (HO)
Package: bigintcalc 2012/04/08 v1.3 Expandable calculations on big integers (HO
)
Package: bitset 2011/01/30 v1.1 Handle bit-vector datatype (HO)
Package: uniquecounter 2011/01/30 v1.2 Provide unlimited unique counter (HO)
)
Package hobsub Info: Skipping package `hobsub' (already loaded).
Package: letltxmacro 2010/09/02 v1.4 Let assignment for LaTeX macros (HO)
Package: hopatch 2012/05/28 v1.2 Wrapper for package hooks (HO)
Package: xcolor-patch 2011/01/30 xcolor patch
Package: atveryend 2011/06/30 v1.8 Hooks at the very end of document (HO)
Package atveryend Info: \enddocument detected (standard20110627).
Package: atbegshi 2011/10/05 v1.16 At begin shipout hook (HO)
Package: refcount 2011/10/16 v3.4 Data extraction from label references (HO)
Package: hycolor 2011/01/30 v1.7 Color options for hyperref/bookmark (HO)
)
(/usr/share/texlive/texmf-dist/tex/latex/oberdiek/auxhook.sty
Package: auxhook 2011/03/04 v1.3 Hooks for auxiliary files (HO)
)
(/usr/share/texlive/texmf-dist/tex/latex/oberdiek/kvoptions.sty
Package: kvoptions 2011/06/30 v3.11 Key value format for package options (HO)
)
\@linkdim=\dimen124
\Hy@linkcounter=\count101
\Hy@pagecounter=\count102

(/usr/share/texlive/texmf-dist/tex/latex/hyperref/pd1enc.def
File: pd1enc.def 2012/11/06 v6.83m Hyperref: PDFDocEncoding definition (HO)
)
\Hy@SavedSpaceFactor=\count103

(/usr/share/texlive/texmf-dist/tex/latex/latexconfig/hyperref.cfg
File: hyperref.cfg 2002/06/06 v1.2 hyperref configuration of TeXLive
)
Package hyperref Info: Hyper figures OFF on input line 4443.
Package hyperref Info: Link nesting OFF on input line 4448.
Package hyperref Info: Hyper index ON on input line 4451.
Package hyperref Info: Plain pages OFF on input line 4458.
Package hyperref Info: Backreferencing OFF on input line 4463.
Package hyperref Info: Implicit mode ON; LaTeX internals redefined.
Package hyperref Info: Bookmarks ON on input line 4688.
\c@Hy@tempcnt=\count104
LaTeX Info: Redefining \url on input line 5041.
\XeTeXLinkMargin=\dimen125
\Fld@menulength=\count105
\Field@Width=\dimen126
\Fld@charsize=\dimen127
Package hyperref Info: Hyper figures OFF on input line 6295.
Package hyperref Info: Link nesting OFF on input line 6300.
Package hyperref Info: Hyper index ON on input line 6303.
Package hyperref Info: backreferencing OFF on input line 6310.
Package hyperref Info: Link coloring OFF on input line 6315.
Package hyperref Info: Link coloring with OCG OFF on input line 6320.
Package hyperref Info: PDF/A mode OFF on input line 6325.
LaTeX Info: Redefining \ref on input line 6365.
LaTeX Info: Redefining \pageref on input line 6369.
\Hy@abspage=\count106
\c@Item=\count107
\c@Hfootnote=\count108
)

Package hyperref Message: Driver (autodetected): hpdftex.

(/usr/share/texlive/texmf-dist/tex/latex/hyperref/hpdftex.def
File: hpdftex.def 2012/11/06 v6.83m Hyperref driver for pdfTeX
\Fld@listcount=\count109
\c@bookmark@seq@number=\count110

(/usr/share/texlive/texmf-dist/tex/latex/oberdiek/rerunfilecheck.sty
Package: rerunfilecheck 2011/04/15 v1.7 Rerun checks for auxiliary files (HO)
Package uniquecounter Info: New unique counter `rerunfilecheck' on input line 2
82.
)
\Hy@SectionHShift=\skip45
)
(/usr/share/texlive/texmf-dist/tex/latex/listings/listings.sty
\lst@mode=\count111
\lst@gtempboxa=\box53
\lst@token=\toks17
\lst@length=\count112
\lst@currlwidth=\dimen128
\lst@column=\count113
\lst@pos=\count114
\lst@lostspace=\dimen129
\lst@width=\dimen130
\lst@newlines=\count115
\lst@lineno=\count116
\lst@maxwidth=\dimen131

(/usr/share/texlive/texmf-dist/tex/latex/listings/lstmisc.sty
File: lstmisc.sty 2015/06/04 1.6 (Carsten Heinz)
\c@lstnumber=\count117
\lst@skipnumbers=\count118
\lst@framebox=\box54
)
(/usr/share/texlive/texmf-dist/tex/latex/listings/listings.cfg
File: listings.cfg 2015/06/04 1.6 listings configuration
))
Package: listings 2015/06/04 1.6 (Carsten Heinz)

(/usr/share/texlive/texmf-dist/tex/latex/graphics/color.sty
Package: color 2016/01/03 v1.1b Standard LaTeX Color (DPC)

(/usr/share/texlive/texmf-dist/tex/latex/latexconfig/color.cfg
File: color.cfg 2007/01/18 v1.5 color configuration of teTeX/TeXLive
)
Package color Info: Driver file: pdftex.def on input line 143.
)
(/usr/share/texlive/texmf-dist/tex/latex/listings/lstlang1.sty
File: lstlang1.sty 2015/06/04 1.6 listings language file
) (./Manual.aux)
\openout1 = `Manual.aux'.

LaTeX Font Info:    Checking defaults for OML/cmm/m/it on input line 50.
LaTeX Font Info:    ... okay on input line 50.
LaTeX Font Info:    Checking defaults for T1/cmr/m/n on input line 50.
LaTeX Font Info:    ... okay on input line 50.
LaTeX Font Info:    Checking defaults for OT1/cmr/m/n on input line 50.
LaTeX Font Info:    ... okay on input line 50.
LaTeX Font Info:    Checking defaults for OMS/cmsy/m/n on input line 50.
LaTeX Font Info:    ... okay on input line 50.
LaTeX Font Info:    Checking defaults for OMX/cmex/m/n on input line 50.
LaTeX Font Info:    ... okay on input line 50.
LaTeX Font Info:    Checking defaults for U/cmr/m/n on input line 50.
LaTeX Font Info:    ... okay on input line 50.
LaTeX Font Info:    Checking defaults for PD1/pdf/m/n on input line 50.
LaTeX Font Info:    ... okay on input line 50.

(/usr/share/texlive/texmf-dist/tex/context/base/supp-pdf.mkii
[Loading MPS to PDF converter (version 2006.09.02).]
\scratchcounter=\count119
\scratchdimen=\dimen132
\scratchbox=\box55
\nofMPsegments=\count120
\nofMParguments=\count121
\everyMPshowfont=\toks18
\MPscratchCnt=\count122
\MPscratchDim=\dimen133
\MPnumerator=\count123
\makeMPintoPDFobject=\count124
\everyMPtoPDFconversion=\toks19
) (/usr/share/texlive/texmf-dist/tex/latex/oberdiek/epstopdf-base.sty
Package: epstopdf-base 2010/02/09 v2.5 Base part for package epstopdf

(/usr/share/texlive/texmf-dist/tex/latex/oberdiek/grfext.sty
Package: grfext 2010/08/19 v1.1 Manage graphics extensions (HO)
)
Package grfext Info: Graphics extension search list:
(grfext)             [.png,.pdf,.jpg,.mps,.jpeg,.jbig2,.jb2,.PNG,.PDF,.JPG,.JPE
G,.JBIG2,.JB2,.eps]
(grfext)             \AppendGraphicsExtensions on input line 452.

(/usr/share/texlive/texmf-dist/tex/latex/latexconfig/epstopdf-sys.cfg
File: epstopdf-sys.cfg 2010/07/13 v1.3 Configuration of (r)epstopdf for TeX Liv
e
))
*geometry* driver: auto-detecting
*geometry* detected driver: pdftex
*geometry* verbose mode - [ preamble ] result:
* driver: pdftex
* paper: <default>
* layout: <same size as paper>
* layoutoffset:(h,v)=(0.0pt,0.0pt)
* modes: 
* h-part:(L,W,R)=(72.26999pt, 469.75502pt, 72.26999pt)
* v-part:(T,H,B)=(72.26999pt, 650.43001pt, 72.26999pt)
* \paperwidth=614.295pt
* \paperheight=794.96999pt
* \textwidth=469.75502pt
* \textheight=650.43001pt
* \oddsidemargin=0.0pt
* \evensidemargin=0.0pt
* \topmargin=-37.0pt
* \headheight=12.0pt
* \headsep=25.0pt
* \topskip=10.0pt
* \footskip=30.0pt
* \marginparwidth=65.0pt
* \marginparsep=11.0pt
* \columnsep=10.0pt
* \skip\footins=9.0pt plus 4.0pt minus 2.0pt
* \hoffset=0.0pt
* \voffset=0.0pt
* \mag=1000
* \@twocolumnfalse
* \@twosidefalse
* \@mparswitchfalse
* \@reversemarginfalse
* (1in=72.27pt=25.4mm, 1cm=28.453pt)

\AtBeginShipoutBox=\box56
Package hyperref Info: Link coloring OFF on input line 50.
(/usr/share/texlive/texmf-dist/tex/latex/hyperref/nameref.sty
Package: nameref 2012/10/27 v2.43 Cross-referencing by name of section

(/usr/share/texlive/texmf-dist/tex/generic/oberdiek/gettitlestring.sty
Package: gettitlestring 2010/12/03 v1.4 Cleanup title references (HO)
)
\c@section@level=\count125
)
LaTeX Info: Redefining \ref on input line 50.
LaTeX Info: Redefining \pageref on input line 50.
LaTeX Info: Redefining \nameref on input line 50.

(./Manual.out) (./Manual.out)
\@outlinefile=\write3
\openout3 = `Manual.out'.

\c@lstlisting=\count126
LaTeX Font Info:    External font `cmex10' loaded for size
(Font)              <12> on input line 52.
LaTeX Font Info:    External font `cmex10' loaded for size
(Font)              <8> on input line 52.
LaTeX Font Info:    External font `cmex10' loaded for size
(Font)              <6> on input line 52.
 [1

{/home/tylerl/.texmf-var/fonts/map/pdftex/updmap/pdftex.map}]
LaTeX Font Info:    Try loading font information for OMS+cmr on input line 55.
 (/usr/share/texlive/texmf-dist/tex/latex/base/omscmr.fd
File: omscmr.fd 2014/09/29 v2.5h Standard LaTeX font definitions
)
LaTeX Font Info:    Font shape `OMS/cmr/m/n' in size <10> not available
(Font)              Font shape `OMS/cmsy/m/n' tried instead on input line 55.

Underfull \hbox (badness 10000) in paragraph at lines 54--60

 []


Underfull \hbox (badness 10000) in paragraph at lines 65--72

 []


Underfull \hbox (badness 10000) in paragraph at lines 65--72

 []

[2

] (./Manual.toc
LaTeX Font Info:    External font `cmex10' loaded for size
(Font)              <7> on input line 2.
LaTeX Font Info:    External font `cmex10' loaded for size
(Font)              <5> on input line 2.
 [3

])
\tf@toc=\write4
\openout4 = `Manual.toc'.

 [4]
<Chapter4_XMLSample.pdf, id=359, 450.2421pt x 225.48239pt>
File: Chapter4_XMLSample.pdf Graphic file (type pdf)

<use Chapter4_XMLSample.pdf>
Package pdftex.def Info: Chapter4_XMLSample.pdf used on input line 95.
(pdftex.def)             Requested size: 450.24098pt x 225.48183pt.
 [5

]
<Chapter4_XSLTSample.pdf, id=366, 450.2421pt x 433.62pt>
File: Chapter4_XSLTSample.pdf Graphic file (type pdf)

<use Chapter4_XSLTSample.pdf>
Package pdftex.def Info: Chapter4_XSLTSample.pdf used on input line 111.
(pdftex.def)             Requested size: 450.24098pt x 433.61894pt.
 [6 <./Chapter4_XMLSample.pdf>] [7 <./Chapter4_XSLTSample.pdf>] [8] [9

] [10] [11]
<Overview.pdf, id=430, 555.67598pt x 532.38902pt>
File: Overview.pdf Graphic file (type pdf)
 <use Overview.pdf>
Package pdftex.def Info: Overview.pdf used on input line 272.
(pdftex.def)             Requested size: 375.80544pt x 360.06195pt.
 [12

 <./Overview.pdf>] <ContextMenu.png, id=452, 213.79875pt x 213.79875pt>
File: ContextMenu.png Graphic file (type png)

<use ContextMenu.png>
Package pdftex.def Info: ContextMenu.png used on input line 307.
(pdftex.def)             Requested size: 139.76286pt x 139.76353pt.

Underfull \hbox (badness 10000) in paragraph at lines 313--320

 []


Underfull \hbox (badness 10000) in paragraph at lines 313--320

 []


Underfull \hbox (badness 10000) in paragraph at lines 313--320

 []


Underfull \hbox (badness 10000) in paragraph at lines 313--320

 []


Underfull \hbox (badness 10000) in paragraph at lines 313--320

 []


Underfull \hbox (badness 10000) in paragraph at lines 313--320

 []


Underfull \hbox (badness 10000) in paragraph at lines 313--320

 []

<ContextMenu2.png, id=454, 367.3725pt x 367.3725pt>
File: ContextMenu2.png Graphic file (type png)
 <use ContextMenu2.png>
Package pdftex.def Info: ContextMenu2.png used on input line 324.
(pdftex.def)             Requested size: 139.76286pt x 139.76555pt.

Underfull \hbox (badness 10000) in paragraph at lines 330--341

 []


Underfull \hbox (badness 10000) in paragraph at lines 330--341

 []


Underfull \hbox (badness 10000) in paragraph at lines 330--341

 []


Underfull \hbox (badness 10000) in paragraph at lines 330--341

 []


Underfull \hbox (badness 10000) in paragraph at lines 330--341

 []


Underfull \hbox (badness 10000) in paragraph at lines 330--341

 []


Underfull \hbox (badness 10000) in paragraph at lines 330--341

 []


Underfull \hbox (badness 10000) in paragraph at lines 330--341

 []


Underfull \hbox (badness 10000) in paragraph at lines 330--341

 []


Underfull \hbox (badness 10000) in paragraph at lines 330--341

 []


Underfull \hbox (badness 10000) in paragraph at lines 330--341

 []

<ContextMenu3.png, id=455, 283.0575pt x 283.0575pt>
File: ContextMenu3.png Graphic file (type png)
 <use ContextMenu3.png>
Package pdftex.def Info: ContextMenu3.png used on input line 345.
(pdftex.def)             Requested size: 139.76286pt x 139.76619pt.

Underfull \hbox (badness 10000) in paragraph at lines 351--359

 []


Underfull \hbox (badness 10000) in paragraph at lines 351--359

 []


Underfull \hbox (badness 10000) in paragraph at lines 351--359

 []


Underfull \hbox (badness 10000) in paragraph at lines 351--359

 []


Underfull \hbox (badness 10000) in paragraph at lines 351--359

 []


Underfull \hbox (badness 10000) in paragraph at lines 351--359

 []


Underfull \hbox (badness 10000) in paragraph at lines 351--359

 []


Underfull \hbox (badness 10000) in paragraph at lines 351--359

 []

[13

 <./ContextMenu.png> <./ContextMenu2.png> <./ContextMenu3.png (PNG copy)>]
File: ContextMenu.png Graphic file (type png)

<use ContextMenu.png>
Package pdftex.def Info: ContextMenu.png used on input line 374.
(pdftex.def)             Requested size: 139.76286pt x 139.76353pt.

Underfull \hbox (badness 10000) in paragraph at lines 380--386

 []


Underfull \hbox (badness 10000) in paragraph at lines 380--386

 []


Underfull \hbox (badness 10000) in paragraph at lines 380--386

 []


Underfull \hbox (badness 10000) in paragraph at lines 380--386

 []


Underfull \hbox (badness 10000) in paragraph at lines 380--386

 []


Underfull \hbox (badness 10000) in paragraph at lines 380--386

 []

<Upload.png, id=463, 1034.86626pt x 749.80125pt>
File: Upload.png Graphic file (type png)
 <use Upload.png>
Package pdftex.def Info: Upload.png used on input line 394.
(pdftex.def)             Requested size: 139.76286pt x 101.25311pt.

Underfull \hbox (badness 10000) in paragraph at lines 396--397

 []


Underfull \hbox (badness 10000) in paragraph at lines 400--401

 []

<Upload2.png, id=464, 1034.86626pt x 749.80125pt>
File: Upload2.png Graphic file (type png)
 <use Upload2.png>
Package pdftex.def Info: Upload2.png used on input line 405.
(pdftex.def)             Requested size: 139.76286pt x 101.25311pt.

Underfull \hbox (badness 10000) in paragraph at lines 411--415

 []


Underfull \hbox (badness 10000) in paragraph at lines 411--415

 []


Underfull \hbox (badness 10000) in paragraph at lines 411--415

 []


Underfull \hbox (badness 10000) in paragraph at lines 411--415

 []

[14

 <./Upload.png> <./Upload2.png>]
LaTeX Font Info:    Font shape `OT1/cmtt/bx/n' in size <12> not available
(Font)              Font shape `OT1/cmtt/m/n' tried instead on input line 427.

Underfull \hbox (badness 10000) in paragraph at lines 433--440

 []


Underfull \hbox (badness 10000) in paragraph at lines 433--440

 []


Underfull \hbox (badness 10000) in paragraph at lines 433--440

 []


Underfull \hbox (badness 10000) in paragraph at lines 433--440

 []


Underfull \hbox (badness 10000) in paragraph at lines 433--440

 []


Underfull \hbox (badness 10000) in paragraph at lines 433--440

 []

[15

] [16]
Underfull \hbox (badness 10000) in paragraph at lines 486--493

 []


Underfull \hbox (badness 10000) in paragraph at lines 486--493

 []

[17

]
LaTeX Font Info:    Font shape `OT1/cmtt/bx/n' in size <10> not available
(Font)              Font shape `OT1/cmtt/m/n' tried instead on input line 545.
 [18

] (/usr/share/texlive/texmf-dist/tex/latex/listings/lstlang1.sty
File: lstlang1.sty 2015/06/04 1.6 listings language file
)
(/usr/share/texlive/texmf-dist/tex/latex/listings/lstmisc.sty
File: lstmisc.sty 2015/06/04 1.6 (Carsten Heinz)
) [19]
Overfull \hbox (34.24059pt too wide) in paragraph at lines 625--626
[][][][][][][][][][][][][][][][][][][][][][][][][][][][][][][][][][][][][][][][
][][][][][][][][][][][][][][][][][][] 
 []

[20

] (/usr/share/texlive/texmf-dist/tex/latex/listings/lstlang1.sty
File: lstlang1.sty 2015/06/04 1.6 listings language file
) [21

]
[22

] <Checklist_Editor.png, id=597, 724.95844pt x 676.77844pt>
File: Checklist_Editor.png Graphic file (type png)

<use Checklist_Editor.png>
Package pdftex.def Info: Checklist_Editor.png used on input line 711.
(pdftex.def)             Requested size: 211.38832pt x 197.3347pt.

Underfull \hbox (badness 10000) in paragraph at lines 721--722

 []

<Checklist_Viewer.png, id=599, 724.20563pt x 721.19438pt>
File: Checklist_Viewer.png Graphic file (type png)

<use Checklist_Viewer.png>
Package pdftex.def Info: Checklist_Viewer.png used on input line 727.
(pdftex.def)             Requested size: 211.38832pt x 210.50557pt.
 [23

 <./Checklist_Editor.png> <./Checklist_Viewer.png>] <Datacollect_v1_Viewer.png,
 id=604, 722.7pt x 493.0922pt>
File: Datacollect_v1_Viewer.png Graphic file (type png)

<use Datacollect_v1_Viewer.png>
Package pdftex.def Info: Datacollect_v1_Viewer.png used on input line 738.
(pdftex.def)             Requested size: 211.38832pt x 144.227pt.

Underfull \hbox (badness 10000) in paragraph at lines 744--746

 []


Underfull \hbox (badness 10000) in paragraph at lines 744--746

 []

<Datacollect_v2_Viewer.png, id=605, 722.7pt x 805.50937pt>
File: Datacollect_v2_Viewer.png Graphic file (type png)

<use Datacollect_v2_Viewer.png>
Package pdftex.def Info: Datacollect_v2_Viewer.png used on input line 751.
(pdftex.def)             Requested size: 211.38832pt x 235.60747pt.

Underfull \hbox (badness 10000) in paragraph at lines 757--766

 []


Underfull \hbox (badness 10000) in paragraph at lines 757--766

 []


Underfull \hbox (badness 10000) in paragraph at lines 757--766

 []


Underfull \hbox (badness 10000) in paragraph at lines 757--766

 []


Underfull \hbox (badness 10000) in paragraph at lines 757--766

 []


Underfull \hbox (badness 10000) in paragraph at lines 757--766

 []


Underfull \hbox (badness 10000) in paragraph at lines 757--766

 []


Underfull \hbox (badness 10000) in paragraph at lines 757--766

 []


Underfull \hbox (badness 10000) in paragraph at lines 757--766

 []

<Dataguzzler_DGS_File.png, id=606, 721.19438pt x 578.91281pt>
File: Dataguzzler_DGS_File.png Graphic file (type png)

<use Dataguzzler_DGS_File.png>
Package pdftex.def Info: Dataguzzler_DGS_File.png used on input line 771.
(pdftex.def)             Requested size: 211.38832pt x 169.68243pt.
 [24

 <./Datacollect_v1_Viewer.png> <./Datacollect_v2_Viewer.png> <./Dataguzzler_DGS
_File.png>]
<Dataguzzler_SET_File.png, id=611, 721.94719pt x 719.68875pt>
File: Dataguzzler_SET_File.png Graphic file (type png)

<use Dataguzzler_SET_File.png>
Package pdftex.def Info: Dataguzzler_SET_File.png used on input line 783.
(pdftex.def)             Requested size: 211.38832pt x 210.72499pt.

Underfull \hbox (badness 10000) in paragraph at lines 789--797

 []


Underfull \hbox (badness 10000) in paragraph at lines 789--797

 []


Underfull \hbox (badness 10000) in paragraph at lines 789--797

 []


Underfull \hbox (badness 10000) in paragraph at lines 789--797

 []


Underfull \hbox (badness 10000) in paragraph at lines 789--797

 []


Underfull \hbox (badness 10000) in paragraph at lines 789--797

 []


Underfull \hbox (badness 10000) in paragraph at lines 789--797

 []


Underfull \hbox (badness 10000) in paragraph at lines 789--797

 []

<Data_Table.png, id=612, 1174.3875pt x 715.17188pt>
File: Data_Table.png Graphic file (type png)
 <use Data_Table.png>
Package pdftex.def Info: Data_Table.png used on input line 802.
(pdftex.def)             Requested size: 211.38832pt x 128.72537pt.

<Default_Plugin.png, id=613, 721.94719pt x 383.18156pt>
File: Default_Plugin.png Graphic file (type png)

<use Default_Plugin.png>
Package pdftex.def Info: Default_Plugin.png used on input line 813.
(pdftex.def)             Requested size: 211.38832pt x 112.19562pt.
 [25

 <./Dataguzzler_SET_File.png> <./Data_Table.png> <./Default_Plugin.png>] <Direc
tory.png, id=619, 721.19438pt x 382.42876pt>
File: Directory.png Graphic file (type png)

<use Directory.png>
Package pdftex.def Info: Directory.png used on input line 825.
(pdftex.def)             Requested size: 211.38832pt x 112.0919pt.

<Generic_Binary_File.png, id=621, 721.19438pt x 645.91313pt>
File: Generic_Binary_File.png Graphic file (type png)

<use Generic_Binary_File.png>
Package pdftex.def Info: Generic_Binary_File.png used on input line 844.
(pdftex.def)             Requested size: 211.38832pt x 189.3206pt.
 [26

 <./Directory.png> <./Generic_Binary_File.png>] <Generic_HDF5_File.png, id=626,
 721.94719pt x 719.68875pt>
File: Generic_HDF5_File.png Graphic file (type png)

<use Generic_HDF5_File.png>
Package pdftex.def Info: Generic_HDF5_File.png used on input line 855.
(pdftex.def)             Requested size: 211.38832pt x 210.72499pt.

Underfull \hbox (badness 10000) in paragraph at lines 861--874

 []


Underfull \hbox (badness 10000) in paragraph at lines 861--874

 []


Underfull \hbox (badness 10000) in paragraph at lines 861--874

 []


Underfull \hbox (badness 10000) in paragraph at lines 861--874

 []


Underfull \hbox (badness 10000) in paragraph at lines 861--874

 []


Underfull \hbox (badness 10000) in paragraph at lines 861--874

 []


Underfull \hbox (badness 10000) in paragraph at lines 861--874

 []


Underfull \hbox (badness 10000) in paragraph at lines 861--874

 []


Underfull \hbox (badness 10000) in paragraph at lines 861--874

 []


Underfull \hbox (badness 10000) in paragraph at lines 861--874

 []


Underfull \hbox (badness 10000) in paragraph at lines 861--874

 []


Underfull \hbox (badness 10000) in paragraph at lines 861--874

 []


Underfull \hbox (badness 10000) in paragraph at lines 861--874

 []

<Generic_XML_File.png, id=627, 721.94719pt x 718.93594pt>
File: Generic_XML_File.png Graphic file (type png)

<use Generic_XML_File.png>
Package pdftex.def Info: Generic_XML_File.png used on input line 886.
(pdftex.def)             Requested size: 211.38832pt x 210.50458pt.
 [27

 <./Generic_HDF5_File.png> <./Generic_XML_File.png>] <Image_Viewer.png, id=632,
 721.19438pt x 579.66562pt>
File: Image_Viewer.png Graphic file (type png)

<use Image_Viewer.png>
Package pdftex.def Info: Image_Viewer.png used on input line 897.
(pdftex.def)             Requested size: 211.38832pt x 169.90309pt.

Underfull \hbox (badness 10000) in paragraph at lines 903--910

 []


Underfull \hbox (badness 10000) in paragraph at lines 903--910

 []


Underfull \hbox (badness 10000) in paragraph at lines 903--910

 []


Underfull \hbox (badness 10000) in paragraph at lines 903--910

 []


Underfull \hbox (badness 10000) in paragraph at lines 903--910

 []


Underfull \hbox (badness 10000) in paragraph at lines 903--910

 []


Underfull \hbox (badness 10000) in paragraph at lines 903--910

 []

<Mercurial_Repository.png, id=633, 721.19438pt x 382.42876pt>
File: Mercurial_Repository.png Graphic file (type png)

<use Mercurial_Repository.png>
Package pdftex.def Info: Mercurial_Repository.png used on input line 915.
(pdftex.def)             Requested size: 211.38832pt x 112.0919pt.

Underfull \hbox (badness 10000) in paragraph at lines 921--922

 []

<Movie_Viewer.png, id=634, 721.19438pt x 400.49625pt>
File: Movie_Viewer.png Graphic file (type png)
 <use Movie_Viewer.png>
Package pdftex.def Info: Movie_Viewer.png used on input line 927.
(pdftex.def)             Requested size: 211.38832pt x 117.38759pt.

[28

 <./Image_Viewer.png> <./Mercurial_Repository.png> <./Movie_Viewer.png>]
<Multimedia_Directory.png, id=639, 721.19438pt x 718.93594pt>
File: Multimedia_Directory.png Graphic file (type png)

<use Multimedia_Directory.png>
Package pdftex.def Info: Multimedia_Directory.png used on input line 938.
(pdftex.def)             Requested size: 211.38832pt x 210.72397pt.

Underfull \hbox (badness 10000) in paragraph at lines 944--954

 []


Underfull \hbox (badness 10000) in paragraph at lines 944--954

 []


Underfull \hbox (badness 10000) in paragraph at lines 944--954

 []


Underfull \hbox (badness 10000) in paragraph at lines 944--954

 []


Underfull \hbox (badness 10000) in paragraph at lines 944--954

 []


Underfull \hbox (badness 10000) in paragraph at lines 944--954

 []


Underfull \hbox (badness 10000) in paragraph at lines 944--954

 []


Underfull \hbox (badness 10000) in paragraph at lines 944--954

 []


Underfull \hbox (badness 10000) in paragraph at lines 944--954

 []


Underfull \hbox (badness 10000) in paragraph at lines 944--954

 []

<Office_Viewer.png, id=640, 721.94719pt x 719.68875pt>
File: Office_Viewer.png Graphic file (type png)
 <use Office_Viewer.png>
Package pdftex.def Info: Office_Viewer.png used on input line 959.
(pdftex.def)             Requested size: 211.38832pt x 210.72499pt.

[29

 <./Multimedia_Directory.png> <./Office_Viewer.png>]
<PDF_Viewer.png, id=645, 721.19438pt x 718.93594pt>
File: PDF_Viewer.png Graphic file (type png)
 <use PDF_Viewer.png>
Package pdftex.def Info: PDF_Viewer.png used on input line 970.
(pdftex.def)             Requested size: 211.38832pt x 210.72397pt.

Underfull \hbox (badness 10000) in paragraph at lines 976--990

 []


Underfull \hbox (badness 10000) in paragraph at lines 976--990

 []


Underfull \hbox (badness 10000) in paragraph at lines 976--990

 []


Underfull \hbox (badness 10000) in paragraph at lines 976--990

 []


Underfull \hbox (badness 10000) in paragraph at lines 976--990

 []


Underfull \hbox (badness 10000) in paragraph at lines 976--990

 []


Underfull \hbox (badness 10000) in paragraph at lines 976--990

 []


Underfull \hbox (badness 10000) in paragraph at lines 976--990

 []


Underfull \hbox (badness 10000) in paragraph at lines 976--990

 []


Underfull \hbox (badness 10000) in paragraph at lines 976--990

 []


Underfull \hbox (badness 10000) in paragraph at lines 976--990

 []


Underfull \hbox (badness 10000) in paragraph at lines 976--990

 []


Underfull \hbox (badness 10000) in paragraph at lines 976--990

 []


Underfull \hbox (badness 10000) in paragraph at lines 976--990

 []

<Plain_Text_File.png, id=646, 721.19438pt x 486.31688pt>
File: Plain_Text_File.png Graphic file (type png)

<use Plain_Text_File.png>
Package pdftex.def Info: Plain_Text_File.png used on input line 995.
(pdftex.def)             Requested size: 211.38832pt x 142.54208pt.

Underfull \hbox (badness 10000) in paragraph at lines 1001--1006

 []


Underfull \hbox (badness 10000) in paragraph at lines 1001--1006

 []


Underfull \hbox (badness 10000) in paragraph at lines 1001--1006

 []


Underfull \hbox (badness 10000) in paragraph at lines 1001--1006

 []


Underfull \hbox (badness 10000) in paragraph at lines 1001--1006

 []

<SolidWorks_Viewer.png, id=647, 722.7pt x 382.42876pt>
File: SolidWorks_Viewer.png Graphic file (type png)

<use SolidWorks_Viewer.png>
Package pdftex.def Info: SolidWorks_Viewer.png used on input line 1011.
(pdftex.def)             Requested size: 211.38832pt x 111.85849pt.
 [30

 <./PDF_Viewer.png> <./Plain_Text_File.png> <./SolidWorks_Viewer.png>]
<Specimen_Plugin.png, id=652, 721.19438pt x 718.93594pt>
File: Specimen_Plugin.png Graphic file (type png)

<use Specimen_Plugin.png>
Package pdftex.def Info: Specimen_Plugin.png used on input line 1023.
(pdftex.def)             Requested size: 211.38832pt x 210.72397pt.

<Specimen_Directory_Plugin.png, id=654, 1173.63469pt x 416.30531pt>
File: Specimen_Directory_Plugin.png Graphic file (type png)

<use Specimen_Directory_Plugin.png>
Package pdftex.def Info: Specimen_Directory_Plugin.png used on input line 1035.

(pdftex.def)             Requested size: 211.38832pt x 74.98253pt.

<Specimen_Group_Plugin.png, id=655, 721.94719pt x 719.68875pt>
File: Specimen_Group_Plugin.png Graphic file (type png)

<use Specimen_Group_Plugin.png>
Package pdftex.def Info: Specimen_Group_Plugin.png used on input line 1047.
(pdftex.def)             Requested size: 211.38832pt x 210.72499pt.
 [31

 <./Specimen_Plugin.png> <./Specimen_Directory_Plugin.png> <./Specimen_Group_Pl
ugin.png>]
<SVG_Viewer.png, id=662, 721.19438pt x 382.42876pt>
File: SVG_Viewer.png Graphic file (type png)
 <use SVG_Viewer.png>
Package pdftex.def Info: SVG_Viewer.png used on input line 1059.
(pdftex.def)             Requested size: 211.38832pt x 112.0919pt.

<Transducer_Management.png, id=663, 721.19438pt x 382.42876pt>
File: Transducer_Management.png Graphic file (type png)

<use Transducer_Management.png>
Package pdftex.def Info: Transducer_Management.png used on input line 1071.
(pdftex.def)             Requested size: 211.38832pt x 112.0919pt.

<Transducer_Directory_Plugin.png, id=664, 721.19438pt x 382.42876pt>
File: Transducer_Directory_Plugin.png Graphic file (type png)

<use Transducer_Directory_Plugin.png>
Package pdftex.def Info: Transducer_Directory_Plugin.png used on input line 108
3.
(pdftex.def)             Requested size: 211.38832pt x 112.0919pt.

Underfull \hbox (badness 10000) in paragraph at lines 1089--1091

 []


Underfull \hbox (badness 10000) in paragraph at lines 1089--1091

 []

<Trigger_Log_Plugin.png, id=665, 1173.63469pt x 559.33969pt>
File: Trigger_Log_Plugin.png Graphic file (type png)

<use Trigger_Log_Plugin.png>
Package pdftex.def Info: Trigger_Log_Plugin.png used on input line 1097.
(pdftex.def)             Requested size: 211.38832pt x 100.74507pt.

<Trigger_Log_Directory_Plugin.png, id=666, 1173.63469pt x 382.42876pt>
File: Trigger_Log_Directory_Plugin.png Graphic file (type png)

<use Trigger_Log_Directory_Plugin.png>
Package pdftex.def Info: Trigger_Log_Directory_Plugin.png used on input line 11
09.
(pdftex.def)             Requested size: 211.38832pt x 68.88087pt.
 [32

 <./SVG_Viewer.png> <./Transducer_Management.png> <./Transducer_Directory_Plugi
n.png> <./Trigger_Log_Plugin.png> <./Trigger_Log_Directory_Plugin.png>]
<WebPage_Viewer.png, id=671, 721.19438pt x 718.93594pt>
File: WebPage_Viewer.png Graphic file (type png)

<use WebPage_Viewer.png>
Package pdftex.def Info: WebPage_Viewer.png used on input line 1121.
(pdftex.def)             Requested size: 211.38832pt x 210.72397pt.
 [33

 <./WebPage_Viewer.png>]
Underfull \hbox (badness 10000) in paragraph at lines 1129--1130

 []


Underfull \hbox (badness 10000) in paragraph at lines 1131--1132

 []


Underfull \hbox (badness 10000) in paragraph at lines 1133--1136

 []


Underfull \hbox (badness 10000) in paragraph at lines 1137--1140

 []


Underfull \hbox (badness 10000) in paragraph at lines 1141--1144

 []


Underfull \hbox (badness 10000) in paragraph at lines 1145--1148

 []


Underfull \hbox (badness 10000) in paragraph at lines 1149--1152

 []


Underfull \hbox (badness 10000) in paragraph at lines 1153--1156

 []


Underfull \hbox (badness 10000) in paragraph at lines 1157--1160

 []


Underfull \hbox (badness 10000) in paragraph at lines 1161--1164

 []

Missing character: There is no √ in font cmr10!
Missing character: There is no © in font cmr10!
Missing character: There is no √ in font cmr10!
Missing character: There is no © in font cmr10!

Underfull \hbox (badness 10000) in paragraph at lines 1165--1169

 []

[34

] [35

] [36

] [37] [38] [39] [40] [41] [42] [43] [44] [45

] [46] [47] [48

]
Missing character: There is no ‚ in font cmr10!
Missing character: There is no Ä in font cmr10!
Missing character: There is no ú in font cmr10!
Missing character: There is no ‚ in font cmr10!
Missing character: There is no Ä in font cmr10!
Missing character: There is no ù in font cmr10!

[49

] [50

] [51]
Package atveryend Info: Empty hook `BeforeClearDocument' on input line 2382.
 [52]
Package atveryend Info: Empty hook `AfterLastShipout' on input line 2382.
 (./Manual.aux)
Package atveryend Info: Executing hook `AtVeryEndDocument' on input line 2382.
Package atveryend Info: Executing hook `AtEndAfterFileList' on input line 2382.

Package rerunfilecheck Info: File `Manual.out' has not changed.
(rerunfilecheck)             Checksum: AF74BBF66C8288CEAA55C59F4B637B31;4485.
Package atveryend Info: Empty hook `AtVeryVeryEnd' on input line 2382.
 ) 
Here is how much of TeX's memory you used:
 7789 strings out of 493029
 115754 string characters out of 6136235
 267297 words of memory out of 5000000
 10947 multiletter control sequences out of 15000+600000
 9654 words of font info for 35 fonts, out of 8000000 for 9000
 1141 hyphenation exceptions out of 8191
 29i,6n,51p,1163b,1081s stack positions out of 5000i,500n,10000p,200000b,80000s
</usr/share/texlive/texmf-dist/fonts/type1/public/amsfonts/cm/cmbx10.pfb></us
r/share/texlive/texmf-dist/fonts/type1/public/amsfonts/cm/cmbx12.pfb></usr/shar
e/texlive/texmf-dist/fonts/type1/public/amsfonts/cm/cmbx9.pfb></usr/share/texli
ve/texmf-dist/fonts/type1/public/amsfonts/cm/cmcsc10.pfb></usr/share/texlive/te
xmf-dist/fonts/type1/public/amsfonts/cm/cmr10.pfb></usr/share/texlive/texmf-dis
t/fonts/type1/public/amsfonts/cm/cmr12.pfb></usr/share/texlive/texmf-dist/fonts
/type1/public/amsfonts/cm/cmr17.pfb></usr/share/texlive/texmf-dist/fonts/type1/
public/amsfonts/cm/cmr9.pfb></usr/share/texlive/texmf-dist/fonts/type1/public/a
msfonts/cm/cmsy10.pfb></usr/share/texlive/texmf-dist/fonts/type1/public/amsfont
s/cm/cmti10.pfb></usr/share/texlive/texmf-dist/fonts/type1/public/amsfonts/cm/c
mtt10.pfb></usr/share/texlive/texmf-dist/fonts/type1/public/amsfonts/cm/cmtt12.
pfb></usr/share/texlive/texmf-dist/fonts/type1/public/amsfonts/cm/cmtt8.pfb>
Output written on Manual.pdf (52 pages, 3919583 bytes).
PDF statistics:
 919 PDF objects out of 1000 (max. 8388607)
 787 compressed objects within 8 object streams
 271 named destinations out of 1000 (max. 500000)
 706 words of extra memory for PDF output out of 10000 (max. 10000000)

