\BOOKMARK [1][-]{section.1}{Introduction}{}% 1
\BOOKMARK [2][-]{subsection.1.1}{Motivation}{section.1}% 2
\BOOKMARK [2][-]{subsection.1.2}{Implementation}{section.1}% 3
\BOOKMARK [3][-]{subsubsection.1.2.1}{XML}{subsection.1.2}% 4
\BOOKMARK [3][-]{subsubsection.1.2.2}{XSLT}{subsection.1.2}% 5
\BOOKMARK [2][-]{subsection.1.3}{Databrowse Plugins}{section.1}% 6
\BOOKMARK [1][-]{section.2}{Installing Databrowse}{}% 7
\BOOKMARK [2][-]{subsection.2.1}{Software Requirements and Dependencies}{section.2}% 8
\BOOKMARK [3][-]{subsubsection.2.1.1}{Experimental Windows Use}{subsection.2.1}% 9
\BOOKMARK [2][-]{subsection.2.2}{Installation on Unix-based Platforms}{section.2}% 10
\BOOKMARK [1][-]{section.3}{Getting Started}{}% 11
\BOOKMARK [2][-]{subsection.3.1}{Features of Interest}{section.3}% 12
\BOOKMARK [2][-]{subsection.3.2}{Creating New Directories}{section.3}% 13
\BOOKMARK [2][-]{subsection.3.3}{Uploading Files}{section.3}% 14
\BOOKMARK [1][-]{section.4}{Databrowse Configuration Options}{}% 15
\BOOKMARK [2][-]{subsection.4.1}{databrowse\137wsgi.conf}{section.4}% 16
\BOOKMARK [2][-]{subsection.4.2}{iconmap.conf}{section.4}% 17
\BOOKMARK [2][-]{subsection.4.3}{hiddenfiles.conf}{section.4}% 18
\BOOKMARK [1][-]{section.5}{Databrowse Library}{}% 19
\BOOKMARK [1][-]{section.6}{Databrowse Plugin Format}{}% 20
\BOOKMARK [2][-]{subsection.6.1}{Plugin File Structure}{section.6}% 21
\BOOKMARK [2][-]{subsection.6.2}{File Contents}{section.6}% 22
\BOOKMARK [3][-]{subsubsection.6.2.1}{\137\137init.py\137\137}{subsection.6.2}% 23
\BOOKMARK [3][-]{subsubsection.6.2.2}{db\137plugin\137name.py}{subsection.6.2}% 24
\BOOKMARK [3][-]{subsubsection.6.2.3}{dbs\137stylesheet\137name.xml}{subsection.6.2}% 25
\BOOKMARK [3][-]{subsubsection.6.2.4}{handlers.py}{subsection.6.2}% 26
\BOOKMARK [1][-]{section.7}{Included Databrowse Plugins}{}% 27
\BOOKMARK [2][-]{subsection.7.1}{Checklist Editor}{section.7}% 28
\BOOKMARK [2][-]{subsection.7.2}{Checklist Viewer}{section.7}% 29
\BOOKMARK [2][-]{subsection.7.3}{Datacollect v1 Viewer}{section.7}% 30
\BOOKMARK [2][-]{subsection.7.4}{Datacollect v2 Viewer}{section.7}% 31
\BOOKMARK [2][-]{subsection.7.5}{Dataguzzler Data File}{section.7}% 32
\BOOKMARK [2][-]{subsection.7.6}{Dataguzzler Settings File}{section.7}% 33
\BOOKMARK [2][-]{subsection.7.7}{Data Table}{section.7}% 34
\BOOKMARK [2][-]{subsection.7.8}{Default}{section.7}% 35
\BOOKMARK [2][-]{subsection.7.9}{Directory}{section.7}% 36
\BOOKMARK [2][-]{subsection.7.10}{File Operations}{section.7}% 37
\BOOKMARK [2][-]{subsection.7.11}{Generic Binary File}{section.7}% 38
\BOOKMARK [2][-]{subsection.7.12}{Generic HDF5 File}{section.7}% 39
\BOOKMARK [2][-]{subsection.7.13}{Generic WSGI Application}{section.7}% 40
\BOOKMARK [2][-]{subsection.7.14}{Generic XML File}{section.7}% 41
\BOOKMARK [2][-]{subsection.7.15}{Image Viewer}{section.7}% 42
\BOOKMARK [2][-]{subsection.7.16}{Mercurial Repository}{section.7}% 43
\BOOKMARK [2][-]{subsection.7.17}{Movie Viewer}{section.7}% 44
\BOOKMARK [2][-]{subsection.7.18}{Multimedia Directory}{section.7}% 45
\BOOKMARK [2][-]{subsection.7.19}{Office Viewer}{section.7}% 46
\BOOKMARK [2][-]{subsection.7.20}{PDF Viewer}{section.7}% 47
\BOOKMARK [2][-]{subsection.7.21}{Plain Text File}{section.7}% 48
\BOOKMARK [2][-]{subsection.7.22}{SolidWorks Viewer}{section.7}% 49
\BOOKMARK [2][-]{subsection.7.23}{Specimen Management Plugin}{section.7}% 50
\BOOKMARK [2][-]{subsection.7.24}{Specimen Directory Plugin}{section.7}% 51
\BOOKMARK [2][-]{subsection.7.25}{Specimen Group Management Plugin}{section.7}% 52
\BOOKMARK [2][-]{subsection.7.26}{SVG Viewer}{section.7}% 53
\BOOKMARK [2][-]{subsection.7.27}{Transducer Management Plugin}{section.7}% 54
\BOOKMARK [2][-]{subsection.7.28}{Transducer Directory Plugin}{section.7}% 55
\BOOKMARK [2][-]{subsection.7.29}{Trigger Log Plugin}{section.7}% 56
\BOOKMARK [2][-]{subsection.7.30}{Trigger Log Directory Plugin}{section.7}% 57
\BOOKMARK [2][-]{subsection.7.31}{Web Page Viewer}{section.7}% 58
\BOOKMARK [1][-]{section.8}{License and Third-Party Components}{}% 59
\BOOKMARK [2][-]{subsection.8.1}{BSD 3-Clause License}{section.8}% 60
\BOOKMARK [2][-]{subsection.8.2}{GNU General Public License v3}{section.8}% 61
\BOOKMARK [2][-]{subsection.8.3}{GNU Lesser General Public License v3}{section.8}% 62
\BOOKMARK [2][-]{subsection.8.4}{MIT License}{section.8}% 63
\BOOKMARK [2][-]{subsection.8.5}{Zope Public License v2.1}{section.8}% 64
\BOOKMARK [2][-]{subsection.8.6}{Apache License v2.0}{section.8}% 65
