This is pdfTeX, Version 3.1415926-2.5-1.40.14 (MiKTeX 2.9) (preloaded format=pdflatex 2015.8.29)  6 SEP 2015 23:51
entering extended mode
**U:/Databrowse*Paper/paper.tex
("U:/Databrowse Paper/paper.tex"
LaTeX2e <2011/06/27>
Babel <v3.8m> and hyphenation patterns for english, afrikaans, ancientgreek, ar
abic, armenian, assamese, basque, bengali, bokmal, bulgarian, catalan, coptic, 
croatian, czech, danish, dutch, esperanto, estonian, farsi, finnish, french, ga
lician, german, german-x-2013-05-26, greek, gujarati, hindi, hungarian, iceland
ic, indonesian, interlingua, irish, italian, kannada, kurmanji, latin, latvian,
 lithuanian, malayalam, marathi, mongolian, mongolianlmc, monogreek, ngerman, n
german-x-2013-05-26, nynorsk, oriya, panjabi, pinyin, polish, portuguese, roman
ian, russian, sanskrit, serbian, slovak, slovenian, spanish, swedish, swissgerm
an, tamil, telugu, turkish, turkmen, ukenglish, ukrainian, uppersorbian, usengl
ishmax, welsh, loaded.

("\\iastate.edu\cyfiles\tylerl\Desktop\Program Files\MikTeX\tex\latex\base\arti
cle.cls"
Document Class: article 2007/10/19 v1.4h Standard LaTeX document class

("\\iastate.edu\cyfiles\tylerl\Desktop\Program Files\MikTeX\tex\latex\base\size
10.clo"
File: size10.clo 2007/10/19 v1.4h Standard LaTeX file (size option)
)
\c@part=\count79
\c@section=\count80
\c@subsection=\count81
\c@subsubsection=\count82
\c@paragraph=\count83
\c@subparagraph=\count84
\c@figure=\count85
\c@table=\count86
\abovecaptionskip=\skip41
\belowcaptionskip=\skip42
\bibindent=\dimen102
)
("\\iastate.edu\cyfiles\tylerl\Desktop\Program Files\MikTeX\tex\latex\tools\mul
ticol.sty"
Package: multicol 2011/06/27 v1.7a multicolumn formatting (FMi)
\c@tracingmulticols=\count87
\mult@box=\box26
\multicol@leftmargin=\dimen103
\c@unbalance=\count88
\c@collectmore=\count89
\doublecol@number=\count90
\multicoltolerance=\count91
\multicolpretolerance=\count92
\full@width=\dimen104
\page@free=\dimen105
\premulticols=\dimen106
\postmulticols=\dimen107
\multicolsep=\skip43
\multicolbaselineskip=\skip44
\partial@page=\box27
\last@line=\box28
\mult@rightbox=\box29
\mult@grightbox=\box30
\mult@gfirstbox=\box31
\mult@firstbox=\box32
\@tempa=\box33
\@tempa=\box34
\@tempa=\box35
\@tempa=\box36
\@tempa=\box37
\@tempa=\box38
\@tempa=\box39
\@tempa=\box40
\@tempa=\box41
\@tempa=\box42
\@tempa=\box43
\@tempa=\box44
\@tempa=\box45
\@tempa=\box46
\@tempa=\box47
\@tempa=\box48
\@tempa=\box49
\c@columnbadness=\count93
\c@finalcolumnbadness=\count94
\last@try=\dimen108
\multicolovershoot=\dimen109
\multicolundershoot=\dimen110
\mult@nat@firstbox=\box50
\colbreak@box=\box51
\multicol@sort@counter=\count95
)
("\\iastate.edu\cyfiles\tylerl\Desktop\Program Files\MikTeX\tex\latex\graphics\
graphicx.sty"
Package: graphicx 1999/02/16 v1.0f Enhanced LaTeX Graphics (DPC,SPQR)

("\\iastate.edu\cyfiles\tylerl\Desktop\Program Files\MikTeX\tex\latex\graphics\
keyval.sty"
Package: keyval 1999/03/16 v1.13 key=value parser (DPC)
\KV@toks@=\toks14
)
("\\iastate.edu\cyfiles\tylerl\Desktop\Program Files\MikTeX\tex\latex\graphics\
graphics.sty"
Package: graphics 2009/02/05 v1.0o Standard LaTeX Graphics (DPC,SPQR)

("\\iastate.edu\cyfiles\tylerl\Desktop\Program Files\MikTeX\tex\latex\graphics\
trig.sty"
Package: trig 1999/03/16 v1.09 sin cos tan (DPC)
)
("\\iastate.edu\cyfiles\tylerl\Desktop\Program Files\MikTeX\tex\latex\00miktex\
graphics.cfg"
File: graphics.cfg 2007/01/18 v1.5 graphics configuration of teTeX/TeXLive
)
Package graphics Info: Driver file: pdftex.def on input line 91.

("\\iastate.edu\cyfiles\tylerl\Desktop\Program Files\MikTeX\tex\latex\pdftex-de
f\pdftex.def"
File: pdftex.def 2011/05/27 v0.06d Graphics/color for pdfTeX

("\\iastate.edu\cyfiles\tylerl\Desktop\Program Files\MikTeX\tex\generic\oberdie
k\infwarerr.sty"
Package: infwarerr 2010/04/08 v1.3 Providing info/warning/error messages (HO)
)
("\\iastate.edu\cyfiles\tylerl\Desktop\Program Files\MikTeX\tex\generic\oberdie
k\ltxcmds.sty"
Package: ltxcmds 2011/11/09 v1.22 LaTeX kernel commands for general use (HO)
)
\Gread@gobject=\count96
))
\Gin@req@height=\dimen111
\Gin@req@width=\dimen112
)
("\\iastate.edu\cyfiles\tylerl\Desktop\Program Files\MikTeX\tex\latex\geometry\
geometry.sty"
Package: geometry 2010/09/12 v5.6 Page Geometry

("\\iastate.edu\cyfiles\tylerl\Desktop\Program Files\MikTeX\tex\generic\oberdie
k\ifpdf.sty"
Package: ifpdf 2011/01/30 v2.3 Provides the ifpdf switch (HO)
Package ifpdf Info: pdfTeX in PDF mode is detected.
)
("\\iastate.edu\cyfiles\tylerl\Desktop\Program Files\MikTeX\tex\generic\oberdie
k\ifvtex.sty"
Package: ifvtex 2010/03/01 v1.5 Detect VTeX and its facilities (HO)
Package ifvtex Info: VTeX not detected.
)
("\\iastate.edu\cyfiles\tylerl\Desktop\Program Files\MikTeX\tex\generic\ifxetex
\ifxetex.sty"
Package: ifxetex 2010/09/12 v0.6 Provides ifxetex conditional
)
\Gm@cnth=\count97
\Gm@cntv=\count98
\c@Gm@tempcnt=\count99
\Gm@bindingoffset=\dimen113
\Gm@wd@mp=\dimen114
\Gm@odd@mp=\dimen115
\Gm@even@mp=\dimen116
\Gm@layoutwidth=\dimen117
\Gm@layoutheight=\dimen118
\Gm@layouthoffset=\dimen119
\Gm@layoutvoffset=\dimen120
\Gm@dimlist=\toks15

("\\iastate.edu\cyfiles\tylerl\Desktop\Program Files\MikTeX\tex\latex\geometry\
geometry.cfg")) ("U:\Databrowse Paper\wrapfig.sty"
\wrapoverhang=\dimen121
\WF@size=\dimen122
\c@WF@wrappedlines=\count100
\WF@box=\box52
\WF@everypar=\toks16
Package: wrapfig 2003/01/31  v 3.6
)
("\\iastate.edu\cyfiles\tylerl\Desktop\Program Files\MikTeX\tex\latex\url\url.s
ty"
\Urlmuskip=\muskip10
Package: url 2013/09/16  ver 3.4  Verb mode for urls, etc.
)
("\\iastate.edu\cyfiles\tylerl\Desktop\Program Files\MikTeX\tex\latex\hyperref\
hyperref.sty"
Package: hyperref 2012/11/06 v6.83m Hypertext links for LaTeX

("\\iastate.edu\cyfiles\tylerl\Desktop\Program Files\MikTeX\tex\generic\oberdie
k\hobsub-hyperref.sty"
Package: hobsub-hyperref 2012/04/25 v1.12 Bundle oberdiek, subset hyperref (HO)


("\\iastate.edu\cyfiles\tylerl\Desktop\Program Files\MikTeX\tex\generic\oberdie
k\hobsub-generic.sty"
Package: hobsub-generic 2012/04/25 v1.12 Bundle oberdiek, subset generic (HO)
Package: hobsub 2012/04/25 v1.12 Construct package bundles (HO)
Package hobsub Info: Skipping package `infwarerr' (already loaded).
Package hobsub Info: Skipping package `ltxcmds' (already loaded).
Package: ifluatex 2010/03/01 v1.3 Provides the ifluatex switch (HO)
Package ifluatex Info: LuaTeX not detected.
Package hobsub Info: Skipping package `ifvtex' (already loaded).
Package: intcalc 2007/09/27 v1.1 Expandable calculations with integers (HO)
Package hobsub Info: Skipping package `ifpdf' (already loaded).
Package: etexcmds 2011/02/16 v1.5 Avoid name clashes with e-TeX commands (HO)
Package etexcmds Info: Could not find \expanded.
(etexcmds)             That can mean that you are not using pdfTeX 1.50 or
(etexcmds)             that some package has redefined \expanded.
(etexcmds)             In the latter case, load this package earlier.
Package: kvsetkeys 2012/04/25 v1.16 Key value parser (HO)
Package: kvdefinekeys 2011/04/07 v1.3 Define keys (HO)
Package: pdftexcmds 2011/11/29 v0.20 Utility functions of pdfTeX for LuaTeX (HO
)
Package pdftexcmds Info: LuaTeX not detected.
Package pdftexcmds Info: \pdf@primitive is available.
Package pdftexcmds Info: \pdf@ifprimitive is available.
Package pdftexcmds Info: \pdfdraftmode found.
Package: pdfescape 2011/11/25 v1.13 Implements pdfTeX's escape features (HO)
Package: bigintcalc 2012/04/08 v1.3 Expandable calculations on big integers (HO
)
Package: bitset 2011/01/30 v1.1 Handle bit-vector datatype (HO)
Package: uniquecounter 2011/01/30 v1.2 Provide unlimited unique counter (HO)
)
Package hobsub Info: Skipping package `hobsub' (already loaded).
Package: letltxmacro 2010/09/02 v1.4 Let assignment for LaTeX macros (HO)
Package: hopatch 2011/06/24 v1.1 Wrapper for package hooks (HO)
Package: xcolor-patch 2011/01/30 xcolor patch
Package: atveryend 2011/06/30 v1.8 Hooks at the very end of document (HO)
Package atveryend Info: \enddocument detected (standard20110627).
Package: atbegshi 2011/10/05 v1.16 At begin shipout hook (HO)
Package: refcount 2011/10/16 v3.4 Data extraction from label references (HO)
Package: hycolor 2011/01/30 v1.7 Color options for hyperref/bookmark (HO)
)
("\\iastate.edu\cyfiles\tylerl\Desktop\Program Files\MikTeX\tex\latex\oberdiek\
auxhook.sty"
Package: auxhook 2011/03/04 v1.3 Hooks for auxiliary files (HO)
)
("\\iastate.edu\cyfiles\tylerl\Desktop\Program Files\MikTeX\tex\latex\oberdiek\
kvoptions.sty"
Package: kvoptions 2011/06/30 v3.11 Key value format for package options (HO)
)
\@linkdim=\dimen123
\Hy@linkcounter=\count101
\Hy@pagecounter=\count102

("\\iastate.edu\cyfiles\tylerl\Desktop\Program Files\MikTeX\tex\latex\hyperref\
pd1enc.def"
File: pd1enc.def 2012/11/06 v6.83m Hyperref: PDFDocEncoding definition (HO)
)
\Hy@SavedSpaceFactor=\count103

("\\iastate.edu\cyfiles\tylerl\Desktop\Program Files\MikTeX\tex\latex\00miktex\
hyperref.cfg"
File: hyperref.cfg 2002/06/06 v1.2 hyperref configuration of TeXLive
)
Package hyperref Info: Hyper figures OFF on input line 4443.
Package hyperref Info: Link nesting OFF on input line 4448.
Package hyperref Info: Hyper index ON on input line 4451.
Package hyperref Info: Plain pages OFF on input line 4458.
Package hyperref Info: Backreferencing OFF on input line 4463.
Package hyperref Info: Implicit mode ON; LaTeX internals redefined.
Package hyperref Info: Bookmarks ON on input line 4688.
\c@Hy@tempcnt=\count104
LaTeX Info: Redefining \url on input line 5041.
\XeTeXLinkMargin=\dimen124
\Fld@menulength=\count105
\Field@Width=\dimen125
\Fld@charsize=\dimen126
Package hyperref Info: Hyper figures OFF on input line 6295.
Package hyperref Info: Link nesting OFF on input line 6300.
Package hyperref Info: Hyper index ON on input line 6303.
Package hyperref Info: backreferencing OFF on input line 6310.
Package hyperref Info: Link coloring OFF on input line 6315.
Package hyperref Info: Link coloring with OCG OFF on input line 6320.
Package hyperref Info: PDF/A mode OFF on input line 6325.
LaTeX Info: Redefining \ref on input line 6365.
LaTeX Info: Redefining \pageref on input line 6369.
\Hy@abspage=\count106
\c@Item=\count107
\c@Hfootnote=\count108
)

Package hyperref Message: Driver (autodetected): hpdftex.


("\\iastate.edu\cyfiles\tylerl\Desktop\Program Files\MikTeX\tex\latex\hyperref\
hpdftex.def"
File: hpdftex.def 2012/11/06 v6.83m Hyperref driver for pdfTeX
\Fld@listcount=\count109
\c@bookmark@seq@number=\count110

("\\iastate.edu\cyfiles\tylerl\Desktop\Program Files\MikTeX\tex\latex\oberdiek\
rerunfilecheck.sty"
Package: rerunfilecheck 2011/04/15 v1.7 Rerun checks for auxiliary files (HO)
Package uniquecounter Info: New unique counter `rerunfilecheck' on input line 2
82.
)
\Hy@SectionHShift=\skip45
)
("\\iastate.edu\cyfiles\tylerl\Desktop\Program Files\MikTeX\tex\latex\listings\
listings.sty"
\lst@mode=\count111
\lst@gtempboxa=\box53
\lst@token=\toks17
\lst@length=\count112
\lst@currlwidth=\dimen127
\lst@column=\count113
\lst@pos=\count114
\lst@lostspace=\dimen128
\lst@width=\dimen129
\lst@newlines=\count115
\lst@lineno=\count116
\lst@maxwidth=\dimen130

("\\iastate.edu\cyfiles\tylerl\Desktop\Program Files\MikTeX\tex\latex\listings\
lstmisc.sty"
File: lstmisc.sty 2015/06/04 1.6 (Carsten Heinz)
\c@lstnumber=\count117
\lst@skipnumbers=\count118
\lst@framebox=\box54
)
("\\iastate.edu\cyfiles\tylerl\Desktop\Program Files\MikTeX\tex\latex\listings\
listings.cfg"
File: listings.cfg 2015/06/04 1.6 listings configuration
))
Package: listings 2015/06/04 1.6 (Carsten Heinz)

("\\iastate.edu\cyfiles\tylerl\Desktop\Program Files\MikTeX\tex\latex\graphics\
color.sty"
Package: color 2005/11/14 v1.0j Standard LaTeX Color (DPC)

("\\iastate.edu\cyfiles\tylerl\Desktop\Program Files\MikTeX\tex\latex\00miktex\
color.cfg"
File: color.cfg 2007/01/18 v1.5 color configuration of teTeX/TeXLive
)
Package color Info: Driver file: pdftex.def on input line 130.
)
("\\iastate.edu\cyfiles\tylerl\Desktop\Program Files\MikTeX\tex\latex\listings\
lstlang1.sty"
File: lstlang1.sty 2015/06/04 1.6 listings language file
) ("U:\Databrowse Paper\paper.aux")
LaTeX Font Info:    Checking defaults for OML/cmm/m/it on input line 50.
LaTeX Font Info:    ... okay on input line 50.
LaTeX Font Info:    Checking defaults for T1/cmr/m/n on input line 50.
LaTeX Font Info:    ... okay on input line 50.
LaTeX Font Info:    Checking defaults for OT1/cmr/m/n on input line 50.
LaTeX Font Info:    ... okay on input line 50.
LaTeX Font Info:    Checking defaults for OMS/cmsy/m/n on input line 50.
LaTeX Font Info:    ... okay on input line 50.
LaTeX Font Info:    Checking defaults for OMX/cmex/m/n on input line 50.
LaTeX Font Info:    ... okay on input line 50.
LaTeX Font Info:    Checking defaults for U/cmr/m/n on input line 50.
LaTeX Font Info:    ... okay on input line 50.
LaTeX Font Info:    Checking defaults for PD1/pdf/m/n on input line 50.
LaTeX Font Info:    ... okay on input line 50.

("\\iastate.edu\cyfiles\tylerl\Desktop\Program Files\MikTeX\tex\context\base\su
pp-pdf.mkii"
[Loading MPS to PDF converter (version 2006.09.02).]
\scratchcounter=\count119
\scratchdimen=\dimen131
\scratchbox=\box55
\nofMPsegments=\count120
\nofMParguments=\count121
\everyMPshowfont=\toks18
\MPscratchCnt=\count122
\MPscratchDim=\dimen132
\MPnumerator=\count123
\makeMPintoPDFobject=\count124
\everyMPtoPDFconversion=\toks19
)
*geometry* driver: auto-detecting
*geometry* detected driver: pdftex
*geometry* verbose mode - [ preamble ] result:
* driver: pdftex
* paper: <default>
* layout: <same size as paper>
* layoutoffset:(h,v)=(0.0pt,0.0pt)
* modes: 
* h-part:(L,W,R)=(72.26999pt, 469.75502pt, 72.26999pt)
* v-part:(T,H,B)=(72.26999pt, 650.43001pt, 72.26999pt)
* \paperwidth=614.295pt
* \paperheight=794.96999pt
* \textwidth=469.75502pt
* \textheight=650.43001pt
* \oddsidemargin=0.0pt
* \evensidemargin=0.0pt
* \topmargin=-37.0pt
* \headheight=12.0pt
* \headsep=25.0pt
* \topskip=10.0pt
* \footskip=30.0pt
* \marginparwidth=65.0pt
* \marginparsep=11.0pt
* \columnsep=10.0pt
* \skip\footins=9.0pt plus 4.0pt minus 2.0pt
* \hoffset=0.0pt
* \voffset=0.0pt
* \mag=1000
* \@twocolumnfalse
* \@twosidefalse
* \@mparswitchfalse
* \@reversemarginfalse
* (1in=72.27pt=25.4mm, 1cm=28.453pt)

\AtBeginShipoutBox=\box56
Package hyperref Info: Link coloring OFF on input line 50.

("\\iastate.edu\cyfiles\tylerl\Desktop\Program Files\MikTeX\tex\latex\hyperref\
nameref.sty"
Package: nameref 2012/10/27 v2.43 Cross-referencing by name of section

("\\iastate.edu\cyfiles\tylerl\Desktop\Program Files\MikTeX\tex\generic\oberdie
k\gettitlestring.sty"
Package: gettitlestring 2010/12/03 v1.4 Cleanup title references (HO)
)
\c@section@level=\count125
)
LaTeX Info: Redefining \ref on input line 50.
LaTeX Info: Redefining \pageref on input line 50.
LaTeX Info: Redefining \nameref on input line 50.
 ("U:\Databrowse Paper\paper.out")
("U:\Databrowse Paper\paper.out")
\@outlinefile=\write3
\c@lstlisting=\count126
LaTeX Font Info:    External font `cmex10' loaded for size
(Font)              <12> on input line 52.
LaTeX Font Info:    External font `cmex10' loaded for size
(Font)              <8> on input line 52.
LaTeX Font Info:    External font `cmex10' loaded for size
(Font)              <6> on input line 52.
 [1

{//iastate.edu/cyfiles/tylerl/Desktop/Program Files/MikTeX/pdftex/config/pdftex
.map}]
LaTeX Font Info:    Try loading font information for OMS+cmr on input line 55.

("\\iastate.edu\cyfiles\tylerl\Desktop\Program Files\MikTeX\tex\latex\base\omsc
mr.fd"
File: omscmr.fd 1999/05/25 v2.5h Standard LaTeX font definitions
)
LaTeX Font Info:    Font shape `OMS/cmr/m/n' in size <10> not available
(Font)              Font shape `OMS/cmsy/m/n' tried instead on input line 55.

Underfull \hbox (badness 10000) in paragraph at lines 54--58

 []


Underfull \hbox (badness 10000) in paragraph at lines 54--58

 []

LaTeX Font Info:    External font `cmex10' loaded for size
(Font)              <7> on input line 63.
LaTeX Font Info:    External font `cmex10' loaded for size
(Font)              <5> on input line 63.

Underfull \hbox (badness 10000) in paragraph at lines 63--66

 []


Underfull \hbox (badness 10000) in paragraph at lines 63--66

 []

[2

] ("U:\Databrowse Paper\paper.toc" [3

])
\tf@toc=\write4
 [4]
<Chapter4_XMLSample.pdf, id=355, 450.2421pt x 225.48239pt>
File: Chapter4_XMLSample.pdf Graphic file (type pdf)

<use Chapter4_XMLSample.pdf>
Package pdftex.def Info: Chapter4_XMLSample.pdf used on input line 92.
(pdftex.def)             Requested size: 450.24098pt x 225.48183pt.
 [5

]
<Chapter4_XSLTSample.pdf, id=362, 450.2421pt x 433.62pt>
File: Chapter4_XSLTSample.pdf Graphic file (type pdf)

<use Chapter4_XSLTSample.pdf>
Package pdftex.def Info: Chapter4_XSLTSample.pdf used on input line 108.
(pdftex.def)             Requested size: 450.24098pt x 433.61894pt.
 [6 <U:/Databrowse Paper/Chapter4_XMLSample.pdf>]
[7 <U:/Databrowse Paper/Chapter4_XSLTSample.pdf>] [8] [9

] [10] [11]
<Overview.pdf, id=425, 555.67598pt x 532.38902pt>
File: Overview.pdf Graphic file (type pdf)
 <use Overview.pdf>
Package pdftex.def Info: Overview.pdf used on input line 240.
(pdftex.def)             Requested size: 375.80544pt x 360.06195pt.
 [12

 <U:/Databrowse Paper/Overview.pdf>]
<ContextMenu.png, id=447, 213.79875pt x 213.79875pt>
File: ContextMenu.png Graphic file (type png)
 <use ContextMenu.png>
Package pdftex.def Info: ContextMenu.png used on input line 275.
(pdftex.def)             Requested size: 139.76286pt x 139.76353pt.

Underfull \hbox (badness 10000) in paragraph at lines 281--288

 []


Underfull \hbox (badness 10000) in paragraph at lines 281--288

 []


Underfull \hbox (badness 10000) in paragraph at lines 281--288

 []


Underfull \hbox (badness 10000) in paragraph at lines 281--288

 []


Underfull \hbox (badness 10000) in paragraph at lines 281--288

 []


Underfull \hbox (badness 10000) in paragraph at lines 281--288

 []


Underfull \hbox (badness 10000) in paragraph at lines 281--288

 []

<ContextMenu2.png, id=449, 367.3725pt x 367.3725pt>
File: ContextMenu2.png Graphic file (type png)
 <use ContextMenu2.png>
Package pdftex.def Info: ContextMenu2.png used on input line 292.
(pdftex.def)             Requested size: 139.76286pt x 139.76555pt.

Underfull \hbox (badness 10000) in paragraph at lines 298--309

 []


Underfull \hbox (badness 10000) in paragraph at lines 298--309

 []


Underfull \hbox (badness 10000) in paragraph at lines 298--309

 []


Underfull \hbox (badness 10000) in paragraph at lines 298--309

 []


Underfull \hbox (badness 10000) in paragraph at lines 298--309

 []


Underfull \hbox (badness 10000) in paragraph at lines 298--309

 []


Underfull \hbox (badness 10000) in paragraph at lines 298--309

 []


Underfull \hbox (badness 10000) in paragraph at lines 298--309

 []


Underfull \hbox (badness 10000) in paragraph at lines 298--309

 []


Underfull \hbox (badness 10000) in paragraph at lines 298--309

 []


Underfull \hbox (badness 10000) in paragraph at lines 298--309

 []

<ContextMenu3.png, id=450, 283.0575pt x 283.0575pt>
File: ContextMenu3.png Graphic file (type png)
 <use ContextMenu3.png>
Package pdftex.def Info: ContextMenu3.png used on input line 313.
(pdftex.def)             Requested size: 139.76286pt x 139.76619pt.

Underfull \hbox (badness 10000) in paragraph at lines 319--327

 []


Underfull \hbox (badness 10000) in paragraph at lines 319--327

 []


Underfull \hbox (badness 10000) in paragraph at lines 319--327

 []


Underfull \hbox (badness 10000) in paragraph at lines 319--327

 []


Underfull \hbox (badness 10000) in paragraph at lines 319--327

 []


Underfull \hbox (badness 10000) in paragraph at lines 319--327

 []


Underfull \hbox (badness 10000) in paragraph at lines 319--327

 []


Underfull \hbox (badness 10000) in paragraph at lines 319--327

 []

[13

 <U:/Databrowse Paper/ContextMenu.png> <U:/Databrowse Paper/ContextMenu2.png> <
U:/Databrowse Paper/ContextMenu3.png (PNG copy)>]
File: ContextMenu.png Graphic file (type png)
 <use ContextMenu.png>
Package pdftex.def Info: ContextMenu.png used on input line 342.
(pdftex.def)             Requested size: 139.76286pt x 139.76353pt.

Underfull \hbox (badness 10000) in paragraph at lines 348--354

 []


Underfull \hbox (badness 10000) in paragraph at lines 348--354

 []


Underfull \hbox (badness 10000) in paragraph at lines 348--354

 []


Underfull \hbox (badness 10000) in paragraph at lines 348--354

 []


Underfull \hbox (badness 10000) in paragraph at lines 348--354

 []


Underfull \hbox (badness 10000) in paragraph at lines 348--354

 []

<Upload.png, id=458, 1034.86626pt x 749.80125pt>
File: Upload.png Graphic file (type png)
 <use Upload.png>
Package pdftex.def Info: Upload.png used on input line 362.
(pdftex.def)             Requested size: 139.76286pt x 101.25311pt.

Underfull \hbox (badness 10000) in paragraph at lines 364--365

 []


Underfull \hbox (badness 10000) in paragraph at lines 368--369

 []

<Upload2.png, id=459, 1034.86626pt x 749.80125pt>
File: Upload2.png Graphic file (type png)
 <use Upload2.png>
Package pdftex.def Info: Upload2.png used on input line 373.
(pdftex.def)             Requested size: 139.76286pt x 101.25311pt.

Underfull \hbox (badness 10000) in paragraph at lines 379--383

 []


Underfull \hbox (badness 10000) in paragraph at lines 379--383

 []


Underfull \hbox (badness 10000) in paragraph at lines 379--383

 []


Underfull \hbox (badness 10000) in paragraph at lines 379--383

 []

[14

 <U:/Databrowse Paper/Upload.png> <U:/Databrowse Paper/Upload2.png>]
LaTeX Font Info:    Font shape `OT1/cmtt/bx/n' in size <12> not available
(Font)              Font shape `OT1/cmtt/m/n' tried instead on input line 394.

Underfull \hbox (badness 10000) in paragraph at lines 400--407

 []


Underfull \hbox (badness 10000) in paragraph at lines 400--407

 []


Underfull \hbox (badness 10000) in paragraph at lines 400--407

 []


Underfull \hbox (badness 10000) in paragraph at lines 400--407

 []


Underfull \hbox (badness 10000) in paragraph at lines 400--407

 []


Underfull \hbox (badness 10000) in paragraph at lines 400--407

 []

[15

] [16]
Underfull \hbox (badness 10000) in paragraph at lines 453--460

 []


Underfull \hbox (badness 10000) in paragraph at lines 453--460

 []

[17

]
LaTeX Font Info:    Font shape `OT1/cmtt/bx/n' in size <10> not available
(Font)              Font shape `OT1/cmtt/m/n' tried instead on input line 512.
 [18

]
("\\iastate.edu\cyfiles\tylerl\Desktop\Program Files\MikTeX\tex\latex\listings\
lstlang1.sty"
File: lstlang1.sty 2015/06/04 1.6 listings language file
)
("\\iastate.edu\cyfiles\tylerl\Desktop\Program Files\MikTeX\tex\latex\listings\
lstmisc.sty"
File: lstmisc.sty 2015/06/04 1.6 (Carsten Heinz)
) [19]
Overfull \hbox (34.24059pt too wide) in paragraph at lines 592--593
[][][][][][][][][][][][][][][][][][][][][][][][][][][][][][][][][][][][][][][][
][][][][][][][][][][][][][][][][][][] 
 []

[20

]
("\\iastate.edu\cyfiles\tylerl\Desktop\Program Files\MikTeX\tex\latex\listings\
lstlang1.sty"
File: lstlang1.sty 2015/06/04 1.6 listings language file
) [21

] [22

]
<Checklist_Editor.png, id=590, 724.95844pt x 676.77844pt>
File: Checklist_Editor.png Graphic file (type png)

<use Checklist_Editor.png>
Package pdftex.def Info: Checklist_Editor.png used on input line 678.
(pdftex.def)             Requested size: 211.38832pt x 197.3347pt.

Underfull \hbox (badness 10000) in paragraph at lines 688--689

 []

<Checklist_Viewer.png, id=592, 724.20563pt x 721.19438pt>
File: Checklist_Viewer.png Graphic file (type png)

<use Checklist_Viewer.png>
Package pdftex.def Info: Checklist_Viewer.png used on input line 694.
(pdftex.def)             Requested size: 211.38832pt x 210.50557pt.
 [23

 <U:/Databrowse Paper/Checklist_Editor.png> <U:/Databrowse Paper/Checklist_View
er.png>]
<Datacollect_v1_Viewer.png, id=597, 722.7pt x 493.0922pt>
File: Datacollect_v1_Viewer.png Graphic file (type png)

<use Datacollect_v1_Viewer.png>
Package pdftex.def Info: Datacollect_v1_Viewer.png used on input line 705.
(pdftex.def)             Requested size: 211.38832pt x 144.227pt.

Underfull \hbox (badness 10000) in paragraph at lines 711--713

 []


Underfull \hbox (badness 10000) in paragraph at lines 711--713

 []

<Datacollect_v2_Viewer.png, id=598, 722.7pt x 805.50937pt>
File: Datacollect_v2_Viewer.png Graphic file (type png)

<use Datacollect_v2_Viewer.png>
Package pdftex.def Info: Datacollect_v2_Viewer.png used on input line 718.
(pdftex.def)             Requested size: 211.38832pt x 235.60747pt.

Underfull \hbox (badness 10000) in paragraph at lines 724--733

 []


Underfull \hbox (badness 10000) in paragraph at lines 724--733

 []


Underfull \hbox (badness 10000) in paragraph at lines 724--733

 []


Underfull \hbox (badness 10000) in paragraph at lines 724--733

 []


Underfull \hbox (badness 10000) in paragraph at lines 724--733

 []


Underfull \hbox (badness 10000) in paragraph at lines 724--733

 []


Underfull \hbox (badness 10000) in paragraph at lines 724--733

 []


Underfull \hbox (badness 10000) in paragraph at lines 724--733

 []


Underfull \hbox (badness 10000) in paragraph at lines 724--733

 []

<Dataguzzler_DGS_File.png, id=599, 721.19438pt x 578.91281pt>
File: Dataguzzler_DGS_File.png Graphic file (type png)

<use Dataguzzler_DGS_File.png>
Package pdftex.def Info: Dataguzzler_DGS_File.png used on input line 738.
(pdftex.def)             Requested size: 211.38832pt x 169.68243pt.
 [24

 <U:/Databrowse Paper/Datacollect_v1_Viewer.png> <U:/Databrowse Paper/Datacolle
ct_v2_Viewer.png> <U:/Databrowse Paper/Dataguzzler_DGS_File.png>]
<Dataguzzler_SET_File.png, id=604, 721.94719pt x 719.68875pt>
File: Dataguzzler_SET_File.png Graphic file (type png)

<use Dataguzzler_SET_File.png>
Package pdftex.def Info: Dataguzzler_SET_File.png used on input line 750.
(pdftex.def)             Requested size: 211.38832pt x 210.72499pt.

Underfull \hbox (badness 10000) in paragraph at lines 756--764

 []


Underfull \hbox (badness 10000) in paragraph at lines 756--764

 []


Underfull \hbox (badness 10000) in paragraph at lines 756--764

 []


Underfull \hbox (badness 10000) in paragraph at lines 756--764

 []


Underfull \hbox (badness 10000) in paragraph at lines 756--764

 []


Underfull \hbox (badness 10000) in paragraph at lines 756--764

 []


Underfull \hbox (badness 10000) in paragraph at lines 756--764

 []


Underfull \hbox (badness 10000) in paragraph at lines 756--764

 []

<Data_Table.png, id=605, 1174.3875pt x 715.17188pt>
File: Data_Table.png Graphic file (type png)
 <use Data_Table.png>
Package pdftex.def Info: Data_Table.png used on input line 769.
(pdftex.def)             Requested size: 211.38832pt x 128.72537pt.

<Default_Plugin.png, id=606, 721.94719pt x 383.18156pt>
File: Default_Plugin.png Graphic file (type png)

<use Default_Plugin.png>
Package pdftex.def Info: Default_Plugin.png used on input line 780.
(pdftex.def)             Requested size: 211.38832pt x 112.19562pt.
 [25

 <U:/Databrowse Paper/Dataguzzler_SET_File.png> <U:/Databrowse Paper/Data_Table
.png> <U:/Databrowse Paper/Default_Plugin.png>]
<Directory.png, id=612, 721.19438pt x 382.42876pt>
File: Directory.png Graphic file (type png)
 <use Directory.png>
Package pdftex.def Info: Directory.png used on input line 792.
(pdftex.def)             Requested size: 211.38832pt x 112.0919pt.

<Generic_Binary_File.png, id=614, 721.19438pt x 645.91313pt>
File: Generic_Binary_File.png Graphic file (type png)

<use Generic_Binary_File.png>
Package pdftex.def Info: Generic_Binary_File.png used on input line 811.
(pdftex.def)             Requested size: 211.38832pt x 189.3206pt.
 [26

 <U:/Databrowse Paper/Directory.png> <U:/Databrowse Paper/Generic_Binary_File.p
ng>]
<Generic_HDF5_File.png, id=619, 721.94719pt x 719.68875pt>
File: Generic_HDF5_File.png Graphic file (type png)

<use Generic_HDF5_File.png>
Package pdftex.def Info: Generic_HDF5_File.png used on input line 822.
(pdftex.def)             Requested size: 211.38832pt x 210.72499pt.

Underfull \hbox (badness 10000) in paragraph at lines 828--841

 []


Underfull \hbox (badness 10000) in paragraph at lines 828--841

 []


Underfull \hbox (badness 10000) in paragraph at lines 828--841

 []


Underfull \hbox (badness 10000) in paragraph at lines 828--841

 []


Underfull \hbox (badness 10000) in paragraph at lines 828--841

 []


Underfull \hbox (badness 10000) in paragraph at lines 828--841

 []


Underfull \hbox (badness 10000) in paragraph at lines 828--841

 []


Underfull \hbox (badness 10000) in paragraph at lines 828--841

 []


Underfull \hbox (badness 10000) in paragraph at lines 828--841

 []


Underfull \hbox (badness 10000) in paragraph at lines 828--841

 []


Underfull \hbox (badness 10000) in paragraph at lines 828--841

 []


Underfull \hbox (badness 10000) in paragraph at lines 828--841

 []


Underfull \hbox (badness 10000) in paragraph at lines 828--841

 []

<Generic_XML_File.png, id=620, 721.94719pt x 718.93594pt>
File: Generic_XML_File.png Graphic file (type png)

<use Generic_XML_File.png>
Package pdftex.def Info: Generic_XML_File.png used on input line 853.
(pdftex.def)             Requested size: 211.38832pt x 210.50458pt.
 [27

 <U:/Databrowse Paper/Generic_HDF5_File.png> <U:/Databrowse Paper/Generic_XML_F
ile.png>]
<Image_Viewer.png, id=625, 721.19438pt x 579.66562pt>
File: Image_Viewer.png Graphic file (type png)
 <use Image_Viewer.png>
Package pdftex.def Info: Image_Viewer.png used on input line 864.
(pdftex.def)             Requested size: 211.38832pt x 169.90309pt.

Underfull \hbox (badness 10000) in paragraph at lines 870--877

 []


Underfull \hbox (badness 10000) in paragraph at lines 870--877

 []


Underfull \hbox (badness 10000) in paragraph at lines 870--877

 []


Underfull \hbox (badness 10000) in paragraph at lines 870--877

 []


Underfull \hbox (badness 10000) in paragraph at lines 870--877

 []


Underfull \hbox (badness 10000) in paragraph at lines 870--877

 []


Underfull \hbox (badness 10000) in paragraph at lines 870--877

 []

<Mercurial_Repository.png, id=626, 721.19438pt x 382.42876pt>
File: Mercurial_Repository.png Graphic file (type png)

<use Mercurial_Repository.png>
Package pdftex.def Info: Mercurial_Repository.png used on input line 882.
(pdftex.def)             Requested size: 211.38832pt x 112.0919pt.

Underfull \hbox (badness 10000) in paragraph at lines 888--889

 []

<Movie_Viewer.png, id=627, 721.19438pt x 400.49625pt>
File: Movie_Viewer.png Graphic file (type png)
 <use Movie_Viewer.png>
Package pdftex.def Info: Movie_Viewer.png used on input line 894.
(pdftex.def)             Requested size: 211.38832pt x 117.38759pt.

[28

 <U:/Databrowse Paper/Image_Viewer.png> <U:/Databrowse Paper/Mercurial_Reposito
ry.png> <U:/Databrowse Paper/Movie_Viewer.png>]
<Multimedia_Directory.png, id=632, 721.19438pt x 718.93594pt>
File: Multimedia_Directory.png Graphic file (type png)

<use Multimedia_Directory.png>
Package pdftex.def Info: Multimedia_Directory.png used on input line 905.
(pdftex.def)             Requested size: 211.38832pt x 210.72397pt.

Underfull \hbox (badness 10000) in paragraph at lines 911--921

 []


Underfull \hbox (badness 10000) in paragraph at lines 911--921

 []


Underfull \hbox (badness 10000) in paragraph at lines 911--921

 []


Underfull \hbox (badness 10000) in paragraph at lines 911--921

 []


Underfull \hbox (badness 10000) in paragraph at lines 911--921

 []


Underfull \hbox (badness 10000) in paragraph at lines 911--921

 []


Underfull \hbox (badness 10000) in paragraph at lines 911--921

 []


Underfull \hbox (badness 10000) in paragraph at lines 911--921

 []


Underfull \hbox (badness 10000) in paragraph at lines 911--921

 []


Underfull \hbox (badness 10000) in paragraph at lines 911--921

 []

<Office_Viewer.png, id=633, 721.94719pt x 719.68875pt>
File: Office_Viewer.png Graphic file (type png)
 <use Office_Viewer.png>
Package pdftex.def Info: Office_Viewer.png used on input line 926.
(pdftex.def)             Requested size: 211.38832pt x 210.72499pt.

[29

 <U:/Databrowse Paper/Multimedia_Directory.png> <U:/Databrowse Paper/Office_Vie
wer.png>] <PDF_Viewer.png, id=638, 721.19438pt x 718.93594pt>
File: PDF_Viewer.png Graphic file (type png)

<use PDF_Viewer.png>
Package pdftex.def Info: PDF_Viewer.png used on input line 937.
(pdftex.def)             Requested size: 211.38832pt x 210.72397pt.

Underfull \hbox (badness 10000) in paragraph at lines 943--957

 []


Underfull \hbox (badness 10000) in paragraph at lines 943--957

 []


Underfull \hbox (badness 10000) in paragraph at lines 943--957

 []


Underfull \hbox (badness 10000) in paragraph at lines 943--957

 []


Underfull \hbox (badness 10000) in paragraph at lines 943--957

 []


Underfull \hbox (badness 10000) in paragraph at lines 943--957

 []


Underfull \hbox (badness 10000) in paragraph at lines 943--957

 []


Underfull \hbox (badness 10000) in paragraph at lines 943--957

 []


Underfull \hbox (badness 10000) in paragraph at lines 943--957

 []


Underfull \hbox (badness 10000) in paragraph at lines 943--957

 []


Underfull \hbox (badness 10000) in paragraph at lines 943--957

 []


Underfull \hbox (badness 10000) in paragraph at lines 943--957

 []


Underfull \hbox (badness 10000) in paragraph at lines 943--957

 []


Underfull \hbox (badness 10000) in paragraph at lines 943--957

 []

<Plain_Text_File.png, id=639, 721.19438pt x 486.31688pt>
File: Plain_Text_File.png Graphic file (type png)

<use Plain_Text_File.png>
Package pdftex.def Info: Plain_Text_File.png used on input line 962.
(pdftex.def)             Requested size: 211.38832pt x 142.54208pt.

Underfull \hbox (badness 10000) in paragraph at lines 968--973

 []


Underfull \hbox (badness 10000) in paragraph at lines 968--973

 []


Underfull \hbox (badness 10000) in paragraph at lines 968--973

 []


Underfull \hbox (badness 10000) in paragraph at lines 968--973

 []


Underfull \hbox (badness 10000) in paragraph at lines 968--973

 []

<SolidWorks_Viewer.png, id=640, 722.7pt x 382.42876pt>
File: SolidWorks_Viewer.png Graphic file (type png)

<use SolidWorks_Viewer.png>
Package pdftex.def Info: SolidWorks_Viewer.png used on input line 978.
(pdftex.def)             Requested size: 211.38832pt x 111.85849pt.
 [30

 <U:/Databrowse Paper/PDF_Viewer.png> <U:/Databrowse Paper/Plain_Text_File.png>
 <U:/Databrowse Paper/SolidWorks_Viewer.png>]
<Specimen_Plugin.png, id=645, 721.19438pt x 718.93594pt>
File: Specimen_Plugin.png Graphic file (type png)

<use Specimen_Plugin.png>
Package pdftex.def Info: Specimen_Plugin.png used on input line 990.
(pdftex.def)             Requested size: 211.38832pt x 210.72397pt.

<Specimen_Directory_Plugin.png, id=647, 1173.63469pt x 416.30531pt>
File: Specimen_Directory_Plugin.png Graphic file (type png)

<use Specimen_Directory_Plugin.png>
Package pdftex.def Info: Specimen_Directory_Plugin.png used on input line 1002.

(pdftex.def)             Requested size: 211.38832pt x 74.98253pt.

<Specimen_Group_Plugin.png, id=648, 721.94719pt x 719.68875pt>
File: Specimen_Group_Plugin.png Graphic file (type png)

<use Specimen_Group_Plugin.png>
Package pdftex.def Info: Specimen_Group_Plugin.png used on input line 1014.
(pdftex.def)             Requested size: 211.38832pt x 210.72499pt.
 [31

 <U:/Databrowse Paper/Specimen_Plugin.png> <U:/Databrowse Paper/Specimen_Direct
ory_Plugin.png> <U:/Databrowse Paper/Specimen_Group_Plugin.png>] <SVG_Viewer.pn
g, id=655, 721.19438pt x 382.42876pt>
File: SVG_Viewer.png Graphic file (type png)

<use SVG_Viewer.png>
Package pdftex.def Info: SVG_Viewer.png used on input line 1026.
(pdftex.def)             Requested size: 211.38832pt x 112.0919pt.

<Transducer_Management.png, id=656, 721.19438pt x 382.42876pt>
File: Transducer_Management.png Graphic file (type png)

<use Transducer_Management.png>
Package pdftex.def Info: Transducer_Management.png used on input line 1038.
(pdftex.def)             Requested size: 211.38832pt x 112.0919pt.

<Transducer_Directory_Plugin.png, id=657, 721.19438pt x 382.42876pt>
File: Transducer_Directory_Plugin.png Graphic file (type png)

<use Transducer_Directory_Plugin.png>
Package pdftex.def Info: Transducer_Directory_Plugin.png used on input line 105
0.
(pdftex.def)             Requested size: 211.38832pt x 112.0919pt.

Underfull \hbox (badness 10000) in paragraph at lines 1056--1058

 []


Underfull \hbox (badness 10000) in paragraph at lines 1056--1058

 []

<Trigger_Log_Plugin.png, id=658, 1173.63469pt x 559.33969pt>
File: Trigger_Log_Plugin.png Graphic file (type png)

<use Trigger_Log_Plugin.png>
Package pdftex.def Info: Trigger_Log_Plugin.png used on input line 1064.
(pdftex.def)             Requested size: 211.38832pt x 100.74507pt.

<Trigger_Log_Directory_Plugin.png, id=659, 1173.63469pt x 382.42876pt>
File: Trigger_Log_Directory_Plugin.png Graphic file (type png)

<use Trigger_Log_Directory_Plugin.png>
Package pdftex.def Info: Trigger_Log_Directory_Plugin.png used on input line 10
76.
(pdftex.def)             Requested size: 211.38832pt x 68.88087pt.
 [32

 <U:/Databrowse Paper/SVG_Viewer.png> <U:/Databrowse Paper/Transducer_Managemen
t.png> <U:/Databrowse Paper/Transducer_Directory_Plugin.png> <U:/Databrowse Pap
er/Trigger_Log_Plugin.png> <U:/Databrowse Paper/Trigger_Log_Directory_Plugin.pn
g>]
<WebPage_Viewer.png, id=664, 721.19438pt x 718.93594pt>
File: WebPage_Viewer.png Graphic file (type png)

<use WebPage_Viewer.png>
Package pdftex.def Info: WebPage_Viewer.png used on input line 1088.
(pdftex.def)             Requested size: 211.38832pt x 210.72397pt.
 [33

 <U:/Databrowse Paper/WebPage_Viewer.png>]
Underfull \hbox (badness 10000) in paragraph at lines 1098--1099

 []


Underfull \hbox (badness 10000) in paragraph at lines 1100--1101

 []


Underfull \hbox (badness 10000) in paragraph at lines 1102--1105

 []


Underfull \hbox (badness 10000) in paragraph at lines 1106--1109

 []


Underfull \hbox (badness 10000) in paragraph at lines 1110--1113

 []


Underfull \hbox (badness 10000) in paragraph at lines 1114--1117

 []


Underfull \hbox (badness 10000) in paragraph at lines 1118--1121

 []


Underfull \hbox (badness 10000) in paragraph at lines 1122--1125

 []


Underfull \hbox (badness 10000) in paragraph at lines 1126--1129

 []


Underfull \hbox (badness 10000) in paragraph at lines 1130--1133

 []

[34

] [35

] [36] [37] [38] [39] [40] [41] [42] [43] [44

] [45] [46] [47

]
Missing character: There is no ‚ in font cmr10!
Missing character: There is no Ä in font cmr10!
Missing character: There is no ú in font cmr10!
Missing character: There is no ‚ in font cmr10!
Missing character: There is no Ä in font cmr10!
Missing character: There is no ù in font cmr10!
 [48

]
[49

] [50] [51]
Package atveryend Info: Empty hook `BeforeClearDocument' on input line 2345.
 [52

]
Package atveryend Info: Empty hook `AfterLastShipout' on input line 2345.
 ("U:\Databrowse Paper\paper.aux")
Package atveryend Info: Executing hook `AtVeryEndDocument' on input line 2345.
Package atveryend Info: Executing hook `AtEndAfterFileList' on input line 2345.

Package rerunfilecheck Info: File `paper.out' has not changed.
(rerunfilecheck)             Checksum: AF4E726BA530CB6E84FDC04B1E2B47E6;4535.
Package atveryend Info: Empty hook `AtVeryVeryEnd' on input line 2345.
 ) 
Here is how much of TeX's memory you used:
 7654 strings out of 493921
 116069 string characters out of 3135204
 259962 words of memory out of 3000000
 10580 multiletter control sequences out of 15000+200000
 9654 words of font info for 35 fonts, out of 3000000 for 9000
 841 hyphenation exceptions out of 8191
 29i,6n,51p,1182b,1081s stack positions out of 5000i,500n,10000p,200000b,50000s
<//iastate.edu/cyfiles/tylerl/Desktop/Program Files/MikTeX/fonts/type1/public
/amsfonts/cm/cmbx10.pfb><//iastate.edu/cyfiles/tylerl/Desktop/Program Files/Mik
TeX/fonts/type1/public/amsfonts/cm/cmbx12.pfb><//iastate.edu/cyfiles/tylerl/Des
ktop/Program Files/MikTeX/fonts/type1/public/amsfonts/cm/cmbx9.pfb><//iastate.e
du/cyfiles/tylerl/Desktop/Program Files/MikTeX/fonts/type1/public/amsfonts/cm/c
mcsc10.pfb><//iastate.edu/cyfiles/tylerl/Desktop/Program Files/MikTeX/fonts/typ
e1/public/amsfonts/cm/cmmi10.pfb><//iastate.edu/cyfiles/tylerl/Desktop/Program 
Files/MikTeX/fonts/type1/public/amsfonts/cm/cmr10.pfb><//iastate.edu/cyfiles/ty
lerl/Desktop/Program Files/MikTeX/fonts/type1/public/amsfonts/cm/cmr12.pfb><//i
astate.edu/cyfiles/tylerl/Desktop/Program Files/MikTeX/fonts/type1/public/amsfo
nts/cm/cmr17.pfb><//iastate.edu/cyfiles/tylerl/Desktop/Program Files/MikTeX/fon
ts/type1/public/amsfonts/cm/cmr9.pfb><//iastate.edu/cyfiles/tylerl/Desktop/Prog
ram Files/MikTeX/fonts/type1/public/amsfonts/cm/cmsy10.pfb><//iastate.edu/cyfil
es/tylerl/Desktop/Program Files/MikTeX/fonts/type1/public/amsfonts/cm/cmti10.pf
b><//iastate.edu/cyfiles/tylerl/Desktop/Program Files/MikTeX/fonts/type1/public
/amsfonts/cm/cmtt10.pfb><//iastate.edu/cyfiles/tylerl/Desktop/Program Files/Mik
TeX/fonts/type1/public/amsfonts/cm/cmtt12.pfb><//iastate.edu/cyfiles/tylerl/Des
ktop/Program Files/MikTeX/fonts/type1/public/amsfonts/cm/cmtt8.pfb>
Output written on paper.pdf (52 pages, 4002656 bytes).
PDF statistics:
 910 PDF objects out of 1000 (max. 8388607)
 268 named destinations out of 1000 (max. 500000)
 706 words of extra memory for PDF output out of 10000 (max. 10000000)

